<html>
<head>
<title>TestNG:  Chrome_test</title>
<link href="../testng.css" rel="stylesheet" type="text/css" />
<link href="../my-testng.css" rel="stylesheet" type="text/css" />

<style type="text/css">
.log { display: none;} 
.stack-trace { display: none;} 
</style>
<script type="text/javascript">
<!--
function flip(e) {
  current = e.style.display;
  if (current == 'block') {
    e.style.display = 'none';
    return 0;
  }
  else {
    e.style.display = 'block';
    return 1;
  }
}

function toggleBox(szDivId, elem, msg1, msg2)
{
  var res = -1;  if (document.getElementById) {
    res = flip(document.getElementById(szDivId));
  }
  else if (document.all) {
    // this is the way old msie versions work
    res = flip(document.all[szDivId]);
  }
  if(elem) {
    if(res == 0) elem.innerHTML = msg1; else elem.innerHTML = msg2;
  }

}

function toggleAllBoxes() {
  if (document.getElementsByTagName) {
    d = document.getElementsByTagName('div');
    for (i = 0; i < d.length; i++) {
      if (d[i].className == 'log') {
        flip(d[i]);
      }
    }
  }
}

// -->
</script>

</head>
<body>
<h2 align='center'>Chrome_test</h2><table border='1' align="center">
<tr>
<td>Tests passed/Failed/Skipped:</td><td>24/6/2</td>
</tr><tr>
<td>Started on:</td><td>Wed Apr 22 10:58:00 IST 2020</td>
</tr>
<tr><td>Total time:</td><td>2119 seconds (2119776 ms)</td>
</tr><tr>
<td>Included groups:</td><td></td>
</tr><tr>
<td>Excluded groups:</td><td></td>
</tr>
</table><p/>
<small><i>(Hover the method name to see the test class name)</i></small><p/>
<table width='100%' border='1' class='invocation-failed'>
<tr><td colspan='4' align='center'><b>FAILED TESTS</b></td></tr>
<tr><td><b>Test method</b></td>
<td width="30%"><b>Exception</b></td>
<td width="10%"><b>Time (seconds)</b></td>
<td><b>Instance</b></td>
</tr>
<tr>
<td title='com.testcases.driverscripts.Execute_MainScript.ExecuteTest()'><b>ExecuteTest</b><br>Test class: com.testcases.driverscripts.Execute_MainScript<br>Parameters: ALL_PAGES, END_TO_END, TC23_Verify_UserRegistration, Verify New registration, Yes, High</td>
<td><div><pre>java.lang.AssertionError: NOT able to find element within given time frame...!!! Element name: &apos;RegisterButton.
	at com.operations.Common.FireClass.FailedTCOperation(FireClass.java:84)
	at com.testcases.driverscripts.Execute_MainScript.ExecuteTest(Execute_MainScript.java:365)
... Removed 24 stack frames</pre></div><a href='#' onClick='toggleBox("stack-trace978787646", this, "Click to show all stack frames", "Click to hide stack frames")'>Click to show all stack frames</a>
<div class='stack-trace' id='stack-trace978787646'><pre>java.lang.AssertionError: NOT able to find element within given time frame...!!! Element name: &apos;RegisterButton.
	at org.testng.Assert.fail(Assert.java:94)
	at com.operations.Common.FireClass.FailedTCOperation(FireClass.java:84)
	at com.testcases.driverscripts.Execute_MainScript.ExecuteTest(Execute_MainScript.java:365)
	at sun.reflect.GeneratedMethodAccessor7.invoke(Unknown Source)
	at sun.reflect.DelegatingMethodAccessorImpl.invoke(Unknown Source)
	at java.lang.reflect.Method.invoke(Unknown Source)
	at org.testng.internal.MethodInvocationHelper.invokeMethod(MethodInvocationHelper.java:85)
	at org.testng.internal.Invoker.invokeMethod(Invoker.java:639)
	at org.testng.internal.Invoker.invokeTestMethod(Invoker.java:816)
	at org.testng.internal.Invoker.invokeTestMethods(Invoker.java:1124)
	at org.testng.internal.TestMethodWorker.invokeTestMethods(TestMethodWorker.java:125)
	at org.testng.internal.TestMethodWorker.run(TestMethodWorker.java:108)
	at org.testng.TestRunner.privateRun(TestRunner.java:774)
	at org.testng.TestRunner.run(TestRunner.java:624)
	at org.testng.SuiteRunner.runTest(SuiteRunner.java:359)
	at org.testng.SuiteRunner.runSequentially(SuiteRunner.java:354)
	at org.testng.SuiteRunner.privateRun(SuiteRunner.java:312)
	at org.testng.SuiteRunner.run(SuiteRunner.java:261)
	at org.testng.SuiteRunnerWorker.runSuite(SuiteRunnerWorker.java:52)
	at org.testng.SuiteRunnerWorker.run(SuiteRunnerWorker.java:86)
	at org.testng.TestNG.runSuitesSequentially(TestNG.java:1191)
	at org.testng.TestNG.runSuitesLocally(TestNG.java:1116)
	at org.testng.TestNG.run(TestNG.java:1024)
	at org.testng.remote.AbstractRemoteTestNG.run(AbstractRemoteTestNG.java:114)
	at org.testng.remote.RemoteTestNG.initAndRun(RemoteTestNG.java:251)
	at org.testng.remote.RemoteTestNG.main(RemoteTestNG.java:77)
</pre></div></td>
<td>42</td>
<td>com.testcases.driverscripts.Execute_MainScript@25bbe1b6</td></tr>
<tr>
<td title='com.testcases.driverscripts.Execute_MainScript.ExecuteTest()'><b>ExecuteTest</b><br>Test class: com.testcases.driverscripts.Execute_MainScript<br>Parameters: ALL_PAGES, END_TO_END, TC24_Verify_PlaceOrder_LoggedIn, Order should be placed successfully, Yes, High</td>
<td><div><pre>java.lang.AssertionError: NOT able to find element within given time frame...!!! Element name: &apos;Uname1.
	at com.operations.Common.FireClass.FailedTCOperation(FireClass.java:84)
	at com.testcases.driverscripts.Execute_MainScript.ExecuteTest(Execute_MainScript.java:365)
... Removed 24 stack frames</pre></div><a href='#' onClick='toggleBox("stack-trace1181583265", this, "Click to show all stack frames", "Click to hide stack frames")'>Click to show all stack frames</a>
<div class='stack-trace' id='stack-trace1181583265'><pre>java.lang.AssertionError: NOT able to find element within given time frame...!!! Element name: &apos;Uname1.
	at org.testng.Assert.fail(Assert.java:94)
	at com.operations.Common.FireClass.FailedTCOperation(FireClass.java:84)
	at com.testcases.driverscripts.Execute_MainScript.ExecuteTest(Execute_MainScript.java:365)
	at sun.reflect.GeneratedMethodAccessor7.invoke(Unknown Source)
	at sun.reflect.DelegatingMethodAccessorImpl.invoke(Unknown Source)
	at java.lang.reflect.Method.invoke(Unknown Source)
	at org.testng.internal.MethodInvocationHelper.invokeMethod(MethodInvocationHelper.java:85)
	at org.testng.internal.Invoker.invokeMethod(Invoker.java:639)
	at org.testng.internal.Invoker.invokeTestMethod(Invoker.java:816)
	at org.testng.internal.Invoker.invokeTestMethods(Invoker.java:1124)
	at org.testng.internal.TestMethodWorker.invokeTestMethods(TestMethodWorker.java:125)
	at org.testng.internal.TestMethodWorker.run(TestMethodWorker.java:108)
	at org.testng.TestRunner.privateRun(TestRunner.java:774)
	at org.testng.TestRunner.run(TestRunner.java:624)
	at org.testng.SuiteRunner.runTest(SuiteRunner.java:359)
	at org.testng.SuiteRunner.runSequentially(SuiteRunner.java:354)
	at org.testng.SuiteRunner.privateRun(SuiteRunner.java:312)
	at org.testng.SuiteRunner.run(SuiteRunner.java:261)
	at org.testng.SuiteRunnerWorker.runSuite(SuiteRunnerWorker.java:52)
	at org.testng.SuiteRunnerWorker.run(SuiteRunnerWorker.java:86)
	at org.testng.TestNG.runSuitesSequentially(TestNG.java:1191)
	at org.testng.TestNG.runSuitesLocally(TestNG.java:1116)
	at org.testng.TestNG.run(TestNG.java:1024)
	at org.testng.remote.AbstractRemoteTestNG.run(AbstractRemoteTestNG.java:114)
	at org.testng.remote.RemoteTestNG.initAndRun(RemoteTestNG.java:251)
	at org.testng.remote.RemoteTestNG.main(RemoteTestNG.java:77)
</pre></div></td>
<td>31</td>
<td>com.testcases.driverscripts.Execute_MainScript@25bbe1b6</td></tr>
<tr>
<td title='com.testcases.driverscripts.Execute_MainScript.ExecuteTest()'><b>ExecuteTest</b><br>Test class: com.testcases.driverscripts.Execute_MainScript<br>Parameters: ALL_PAGES, END_TO_END, TC27_Verify_Store_room, Products must be added to store room successfully, Yes, High</td>
<td><div><pre>java.lang.AssertionError: NOT able to find element within given time frame...!!! Element name: &apos;Uname1.
	at com.operations.Common.FireClass.FailedTCOperation(FireClass.java:84)
	at com.testcases.driverscripts.Execute_MainScript.ExecuteTest(Execute_MainScript.java:365)
... Removed 24 stack frames</pre></div><a href='#' onClick='toggleBox("stack-trace667087156", this, "Click to show all stack frames", "Click to hide stack frames")'>Click to show all stack frames</a>
<div class='stack-trace' id='stack-trace667087156'><pre>java.lang.AssertionError: NOT able to find element within given time frame...!!! Element name: &apos;Uname1.
	at org.testng.Assert.fail(Assert.java:94)
	at com.operations.Common.FireClass.FailedTCOperation(FireClass.java:84)
	at com.testcases.driverscripts.Execute_MainScript.ExecuteTest(Execute_MainScript.java:365)
	at sun.reflect.GeneratedMethodAccessor7.invoke(Unknown Source)
	at sun.reflect.DelegatingMethodAccessorImpl.invoke(Unknown Source)
	at java.lang.reflect.Method.invoke(Unknown Source)
	at org.testng.internal.MethodInvocationHelper.invokeMethod(MethodInvocationHelper.java:85)
	at org.testng.internal.Invoker.invokeMethod(Invoker.java:639)
	at org.testng.internal.Invoker.invokeTestMethod(Invoker.java:816)
	at org.testng.internal.Invoker.invokeTestMethods(Invoker.java:1124)
	at org.testng.internal.TestMethodWorker.invokeTestMethods(TestMethodWorker.java:125)
	at org.testng.internal.TestMethodWorker.run(TestMethodWorker.java:108)
	at org.testng.TestRunner.privateRun(TestRunner.java:774)
	at org.testng.TestRunner.run(TestRunner.java:624)
	at org.testng.SuiteRunner.runTest(SuiteRunner.java:359)
	at org.testng.SuiteRunner.runSequentially(SuiteRunner.java:354)
	at org.testng.SuiteRunner.privateRun(SuiteRunner.java:312)
	at org.testng.SuiteRunner.run(SuiteRunner.java:261)
	at org.testng.SuiteRunnerWorker.runSuite(SuiteRunnerWorker.java:52)
	at org.testng.SuiteRunnerWorker.run(SuiteRunnerWorker.java:86)
	at org.testng.TestNG.runSuitesSequentially(TestNG.java:1191)
	at org.testng.TestNG.runSuitesLocally(TestNG.java:1116)
	at org.testng.TestNG.run(TestNG.java:1024)
	at org.testng.remote.AbstractRemoteTestNG.run(AbstractRemoteTestNG.java:114)
	at org.testng.remote.RemoteTestNG.initAndRun(RemoteTestNG.java:251)
	at org.testng.remote.RemoteTestNG.main(RemoteTestNG.java:77)
</pre></div></td>
<td>32</td>
<td>com.testcases.driverscripts.Execute_MainScript@25bbe1b6</td></tr>
<tr>
<td title='com.testcases.driverscripts.Execute_MainScript.ExecuteTest()'><b>ExecuteTest</b><br>Test class: com.testcases.driverscripts.Execute_MainScript<br>Parameters: ALL_PAGES, END_TO_END, TC31_Verify_login, User should be able to login successfully, Yes, High</td>
<td><div><pre>java.lang.AssertionError: NOT able to find element within given time frame...!!! Element name: &apos;Uname1.
	at com.operations.Common.FireClass.FailedTCOperation(FireClass.java:84)
	at com.testcases.driverscripts.Execute_MainScript.ExecuteTest(Execute_MainScript.java:365)
... Removed 24 stack frames</pre></div><a href='#' onClick='toggleBox("stack-trace1706367351", this, "Click to show all stack frames", "Click to hide stack frames")'>Click to show all stack frames</a>
<div class='stack-trace' id='stack-trace1706367351'><pre>java.lang.AssertionError: NOT able to find element within given time frame...!!! Element name: &apos;Uname1.
	at org.testng.Assert.fail(Assert.java:94)
	at com.operations.Common.FireClass.FailedTCOperation(FireClass.java:84)
	at com.testcases.driverscripts.Execute_MainScript.ExecuteTest(Execute_MainScript.java:365)
	at sun.reflect.GeneratedMethodAccessor7.invoke(Unknown Source)
	at sun.reflect.DelegatingMethodAccessorImpl.invoke(Unknown Source)
	at java.lang.reflect.Method.invoke(Unknown Source)
	at org.testng.internal.MethodInvocationHelper.invokeMethod(MethodInvocationHelper.java:85)
	at org.testng.internal.Invoker.invokeMethod(Invoker.java:639)
	at org.testng.internal.Invoker.invokeTestMethod(Invoker.java:816)
	at org.testng.internal.Invoker.invokeTestMethods(Invoker.java:1124)
	at org.testng.internal.TestMethodWorker.invokeTestMethods(TestMethodWorker.java:125)
	at org.testng.internal.TestMethodWorker.run(TestMethodWorker.java:108)
	at org.testng.TestRunner.privateRun(TestRunner.java:774)
	at org.testng.TestRunner.run(TestRunner.java:624)
	at org.testng.SuiteRunner.runTest(SuiteRunner.java:359)
	at org.testng.SuiteRunner.runSequentially(SuiteRunner.java:354)
	at org.testng.SuiteRunner.privateRun(SuiteRunner.java:312)
	at org.testng.SuiteRunner.run(SuiteRunner.java:261)
	at org.testng.SuiteRunnerWorker.runSuite(SuiteRunnerWorker.java:52)
	at org.testng.SuiteRunnerWorker.run(SuiteRunnerWorker.java:86)
	at org.testng.TestNG.runSuitesSequentially(TestNG.java:1191)
	at org.testng.TestNG.runSuitesLocally(TestNG.java:1116)
	at org.testng.TestNG.run(TestNG.java:1024)
	at org.testng.remote.AbstractRemoteTestNG.run(AbstractRemoteTestNG.java:114)
	at org.testng.remote.RemoteTestNG.initAndRun(RemoteTestNG.java:251)
	at org.testng.remote.RemoteTestNG.main(RemoteTestNG.java:77)
</pre></div></td>
<td>31</td>
<td>com.testcases.driverscripts.Execute_MainScript@25bbe1b6</td></tr>
<tr>
<td title='com.testcases.driverscripts.Execute_MainScript.ExecuteTest()'><b>ExecuteTest</b><br>Test class: com.testcases.driverscripts.Execute_MainScript<br>Parameters: ALL_PAGES, END_TO_END, TC32_Verify_store_location, 1. Go to site and then go to store location page
2. Search for store
3. Verify the displayed results, Yes, High</td>
<td><div><pre>java.lang.AssertionError: NOT able to find element within given time frame...!!! Element name: &apos;Uname1.
	at com.operations.Common.FireClass.FailedTCOperation(FireClass.java:84)
	at com.testcases.driverscripts.Execute_MainScript.ExecuteTest(Execute_MainScript.java:365)
... Removed 24 stack frames</pre></div><a href='#' onClick='toggleBox("stack-trace639684828", this, "Click to show all stack frames", "Click to hide stack frames")'>Click to show all stack frames</a>
<div class='stack-trace' id='stack-trace639684828'><pre>java.lang.AssertionError: NOT able to find element within given time frame...!!! Element name: &apos;Uname1.
	at org.testng.Assert.fail(Assert.java:94)
	at com.operations.Common.FireClass.FailedTCOperation(FireClass.java:84)
	at com.testcases.driverscripts.Execute_MainScript.ExecuteTest(Execute_MainScript.java:365)
	at sun.reflect.GeneratedMethodAccessor7.invoke(Unknown Source)
	at sun.reflect.DelegatingMethodAccessorImpl.invoke(Unknown Source)
	at java.lang.reflect.Method.invoke(Unknown Source)
	at org.testng.internal.MethodInvocationHelper.invokeMethod(MethodInvocationHelper.java:85)
	at org.testng.internal.Invoker.invokeMethod(Invoker.java:639)
	at org.testng.internal.Invoker.invokeTestMethod(Invoker.java:816)
	at org.testng.internal.Invoker.invokeTestMethods(Invoker.java:1124)
	at org.testng.internal.TestMethodWorker.invokeTestMethods(TestMethodWorker.java:125)
	at org.testng.internal.TestMethodWorker.run(TestMethodWorker.java:108)
	at org.testng.TestRunner.privateRun(TestRunner.java:774)
	at org.testng.TestRunner.run(TestRunner.java:624)
	at org.testng.SuiteRunner.runTest(SuiteRunner.java:359)
	at org.testng.SuiteRunner.runSequentially(SuiteRunner.java:354)
	at org.testng.SuiteRunner.privateRun(SuiteRunner.java:312)
	at org.testng.SuiteRunner.run(SuiteRunner.java:261)
	at org.testng.SuiteRunnerWorker.runSuite(SuiteRunnerWorker.java:52)
	at org.testng.SuiteRunnerWorker.run(SuiteRunnerWorker.java:86)
	at org.testng.TestNG.runSuitesSequentially(TestNG.java:1191)
	at org.testng.TestNG.runSuitesLocally(TestNG.java:1116)
	at org.testng.TestNG.run(TestNG.java:1024)
	at org.testng.remote.AbstractRemoteTestNG.run(AbstractRemoteTestNG.java:114)
	at org.testng.remote.RemoteTestNG.initAndRun(RemoteTestNG.java:251)
	at org.testng.remote.RemoteTestNG.main(RemoteTestNG.java:77)
</pre></div></td>
<td>32</td>
<td>com.testcases.driverscripts.Execute_MainScript@25bbe1b6</td></tr>
<tr>
<td title='com.testcases.driverscripts.Execute_MainScript.ExecuteTest()'><b>ExecuteTest</b><br>Test class: com.testcases.driverscripts.Execute_MainScript<br>Parameters: ALL_PAGES, END_TO_END, TC40_Adding_MultipleItems_QuickOrder, 1. more than 10 Items should be added to cart
2. Appropriate inventory message must be displayed, Yes, High</td>
<td><div><pre>java.lang.AssertionError: NOT able to find element within given time frame...!!! Element name: &apos;Uname1.
	at com.operations.Common.FireClass.FailedTCOperation(FireClass.java:84)
	at com.testcases.driverscripts.Execute_MainScript.ExecuteTest(Execute_MainScript.java:365)
... Removed 24 stack frames</pre></div><a href='#' onClick='toggleBox("stack-trace766908643", this, "Click to show all stack frames", "Click to hide stack frames")'>Click to show all stack frames</a>
<div class='stack-trace' id='stack-trace766908643'><pre>java.lang.AssertionError: NOT able to find element within given time frame...!!! Element name: &apos;Uname1.
	at org.testng.Assert.fail(Assert.java:94)
	at com.operations.Common.FireClass.FailedTCOperation(FireClass.java:84)
	at com.testcases.driverscripts.Execute_MainScript.ExecuteTest(Execute_MainScript.java:365)
	at sun.reflect.GeneratedMethodAccessor7.invoke(Unknown Source)
	at sun.reflect.DelegatingMethodAccessorImpl.invoke(Unknown Source)
	at java.lang.reflect.Method.invoke(Unknown Source)
	at org.testng.internal.MethodInvocationHelper.invokeMethod(MethodInvocationHelper.java:85)
	at org.testng.internal.Invoker.invokeMethod(Invoker.java:639)
	at org.testng.internal.Invoker.invokeTestMethod(Invoker.java:816)
	at org.testng.internal.Invoker.invokeTestMethods(Invoker.java:1124)
	at org.testng.internal.TestMethodWorker.invokeTestMethods(TestMethodWorker.java:125)
	at org.testng.internal.TestMethodWorker.run(TestMethodWorker.java:108)
	at org.testng.TestRunner.privateRun(TestRunner.java:774)
	at org.testng.TestRunner.run(TestRunner.java:624)
	at org.testng.SuiteRunner.runTest(SuiteRunner.java:359)
	at org.testng.SuiteRunner.runSequentially(SuiteRunner.java:354)
	at org.testng.SuiteRunner.privateRun(SuiteRunner.java:312)
	at org.testng.SuiteRunner.run(SuiteRunner.java:261)
	at org.testng.SuiteRunnerWorker.runSuite(SuiteRunnerWorker.java:52)
	at org.testng.SuiteRunnerWorker.run(SuiteRunnerWorker.java:86)
	at org.testng.TestNG.runSuitesSequentially(TestNG.java:1191)
	at org.testng.TestNG.runSuitesLocally(TestNG.java:1116)
	at org.testng.TestNG.run(TestNG.java:1024)
	at org.testng.remote.AbstractRemoteTestNG.run(AbstractRemoteTestNG.java:114)
	at org.testng.remote.RemoteTestNG.initAndRun(RemoteTestNG.java:251)
	at org.testng.remote.RemoteTestNG.main(RemoteTestNG.java:77)
</pre></div></td>
<td>41</td>
<td>com.testcases.driverscripts.Execute_MainScript@25bbe1b6</td></tr>
</table><p>
<table width='100%' border='1' class='invocation-passed'>
<tr><td colspan='4' align='center'><b>PASSED TESTS</b></td></tr>
<tr><td><b>Test method</b></td>
<td width="30%"><b>Exception</b></td>
<td width="10%"><b>Time (seconds)</b></td>
<td><b>Instance</b></td>
</tr>
<tr>
<td title='com.testcases.driverscripts.Execute_MainScript.ExecuteTest()'><b>ExecuteTest</b><br>Test class: com.testcases.driverscripts.Execute_MainScript<br>Parameters: ALL_PAGES, END_TO_END, TC01_Verify_HomePage, View store home, Yes, High</td>
<td></td>
<td>8</td>
<td>com.testcases.driverscripts.Execute_MainScript@25bbe1b6</td></tr>
<tr>
<td title='com.testcases.driverscripts.Execute_MainScript.ExecuteTest()'><b>ExecuteTest</b><br>Test class: com.testcases.driverscripts.Execute_MainScript<br>Parameters: ALL_PAGES, END_TO_END, TC03_Verify_BLP_Solutions_ContactUS, 1. Go to home page
2. Verify brands, solutions, resources, contact and about us pages, Search filed and quick order link, Yes, High</td>
<td></td>
<td>52</td>
<td>com.testcases.driverscripts.Execute_MainScript@25bbe1b6</td></tr>
<tr>
<td title='com.testcases.driverscripts.Execute_MainScript.ExecuteTest()'><b>ExecuteTest</b><br>Test class: com.testcases.driverscripts.Execute_MainScript<br>Parameters: ALL_PAGES, END_TO_END, TC04_Search_product_not_in_Catalog, Search product not in Catalog , Yes, High</td>
<td></td>
<td>24</td>
<td>com.testcases.driverscripts.Execute_MainScript@25bbe1b6</td></tr>
<tr>
<td title='com.testcases.driverscripts.Execute_MainScript.ExecuteTest()'><b>ExecuteTest</b><br>Test class: com.testcases.driverscripts.Execute_MainScript<br>Parameters: ALL_PAGES, END_TO_END, TC05_Search_product_in_Catalog, Search product in Catalog , Yes, High</td>
<td></td>
<td>16</td>
<td>com.testcases.driverscripts.Execute_MainScript@25bbe1b6</td></tr>
<tr>
<td title='com.testcases.driverscripts.Execute_MainScript.ExecuteTest()'><b>ExecuteTest</b><br>Test class: com.testcases.driverscripts.Execute_MainScript<br>Parameters: ALL_PAGES, END_TO_END, TC6_SearchResults_Typeahead, 1. when user typing, type ahead should work
2. User should be directed to search results list
3. Dimensions should appear on left, Yes, High</td>
<td></td>
<td>34</td>
<td>com.testcases.driverscripts.Execute_MainScript@25bbe1b6</td></tr>
<tr>
<td title='com.testcases.driverscripts.Execute_MainScript.ExecuteTest()'><b>ExecuteTest</b><br>Test class: com.testcases.driverscripts.Execute_MainScript<br>Parameters: ALL_PAGES, END_TO_END, TC07_SearchCategory, User should be directed to category page, Yes, High</td>
<td></td>
<td>36</td>
<td>com.testcases.driverscripts.Execute_MainScript@25bbe1b6</td></tr>
<tr>
<td title='com.testcases.driverscripts.Execute_MainScript.ExecuteTest()'><b>ExecuteTest</b><br>Test class: com.testcases.driverscripts.Execute_MainScript<br>Parameters: ALL_PAGES, END_TO_END, TC08_VerifyProductListPLP, Should display products list, Yes, High</td>
<td></td>
<td>47</td>
<td>com.testcases.driverscripts.Execute_MainScript@25bbe1b6</td></tr>
<tr>
<td title='com.testcases.driverscripts.Execute_MainScript.ExecuteTest()'><b>ExecuteTest</b><br>Test class: com.testcases.driverscripts.Execute_MainScript<br>Parameters: ALL_PAGES, END_TO_END, TC09_Verify_Documented_Savings, Article should display, Yes, High</td>
<td></td>
<td>23</td>
<td>com.testcases.driverscripts.Execute_MainScript@25bbe1b6</td></tr>
<tr>
<td title='com.testcases.driverscripts.Execute_MainScript.ExecuteTest()'><b>ExecuteTest</b><br>Test class: com.testcases.driverscripts.Execute_MainScript<br>Parameters: ALL_PAGES, END_TO_END, TC10_Verify_Search_results, Search results must display, Yes, High</td>
<td></td>
<td>34</td>
<td>com.testcases.driverscripts.Execute_MainScript@25bbe1b6</td></tr>
<tr>
<td title='com.testcases.driverscripts.Execute_MainScript.ExecuteTest()'><b>ExecuteTest</b><br>Test class: com.testcases.driverscripts.Execute_MainScript<br>Parameters: ALL_PAGES, END_TO_END, TC11_Verify_PDP_From_Search_results, PDP should display, Yes, High</td>
<td></td>
<td>27</td>
<td>com.testcases.driverscripts.Execute_MainScript@25bbe1b6</td></tr>
<tr>
<td title='com.testcases.driverscripts.Execute_MainScript.ExecuteTest()'><b>ExecuteTest</b><br>Test class: com.testcases.driverscripts.Execute_MainScript<br>Parameters: ALL_PAGES, END_TO_END, TC12_Verify_AddToCart_from_PDP, 1. Item should be added to cart
2. Appropriate inventory message must be displayed, Yes, High</td>
<td></td>
<td>91</td>
<td>com.testcases.driverscripts.Execute_MainScript@25bbe1b6</td></tr>
<tr>
<td title='com.testcases.driverscripts.Execute_MainScript.ExecuteTest()'><b>ExecuteTest</b><br>Test class: com.testcases.driverscripts.Execute_MainScript<br>Parameters: ALL_PAGES, END_TO_END, TC26_Verify_Clear_Cart, All the items must be removed from the cart, Yes, High</td>
<td></td>
<td>160</td>
<td>com.testcases.driverscripts.Execute_MainScript@25bbe1b6</td></tr>
<tr>
<td title='com.testcases.driverscripts.Execute_MainScript.ExecuteTest()'><b>ExecuteTest</b><br>Test class: com.testcases.driverscripts.Execute_MainScript<br>Parameters: ALL_PAGES, END_TO_END, TC13_Verify_Search_Dimensions, Search results should appear
Dimensions appear on left, Yes, High</td>
<td></td>
<td>15</td>
<td>com.testcases.driverscripts.Execute_MainScript@25bbe1b6</td></tr>
<tr>
<td title='com.testcases.driverscripts.Execute_MainScript.ExecuteTest()'><b>ExecuteTest</b><br>Test class: com.testcases.driverscripts.Execute_MainScript<br>Parameters: ALL_PAGES, END_TO_END, TC14_Verify_AddToCart_from_Search, Item should be added to cart, Yes, High</td>
<td></td>
<td>21</td>
<td>com.testcases.driverscripts.Execute_MainScript@25bbe1b6</td></tr>
<tr>
<td title='com.testcases.driverscripts.Execute_MainScript.ExecuteTest()'><b>ExecuteTest</b><br>Test class: com.testcases.driverscripts.Execute_MainScript<br>Parameters: ALL_PAGES, END_TO_END, TC15_Verify_ViewFullCart, 1. Cart should display
2. All items in cart must have pricing, Yes, High</td>
<td></td>
<td>123</td>
<td>com.testcases.driverscripts.Execute_MainScript@25bbe1b6</td></tr>
<tr>
<td title='com.testcases.driverscripts.Execute_MainScript.ExecuteTest()'><b>ExecuteTest</b><br>Test class: com.testcases.driverscripts.Execute_MainScript<br>Parameters: ALL_PAGES, END_TO_END, TC16_Update_Quantity_CartPage, Items  and price must update, Yes, High</td>
<td></td>
<td>119</td>
<td>com.testcases.driverscripts.Execute_MainScript@25bbe1b6</td></tr>
<tr>
<td title='com.testcases.driverscripts.Execute_MainScript.ExecuteTest()'><b>ExecuteTest</b><br>Test class: com.testcases.driverscripts.Execute_MainScript<br>Parameters: ALL_PAGES, END_TO_END, TC17_Verify_CheckoutButton, Items  and price must update, Yes, High</td>
<td></td>
<td>116</td>
<td>com.testcases.driverscripts.Execute_MainScript@25bbe1b6</td></tr>
<tr>
<td title='com.testcases.driverscripts.Execute_MainScript.ExecuteTest()'><b>ExecuteTest</b><br>Test class: com.testcases.driverscripts.Execute_MainScript<br>Parameters: ALL_PAGES, END_TO_END, TC18_Verify_ShippingPage, Shipping page must appear, Yes, High</td>
<td></td>
<td>148</td>
<td>com.testcases.driverscripts.Execute_MainScript@25bbe1b6</td></tr>
<tr>
<td title='com.testcases.driverscripts.Execute_MainScript.ExecuteTest()'><b>ExecuteTest</b><br>Test class: com.testcases.driverscripts.Execute_MainScript<br>Parameters: ALL_PAGES, END_TO_END, TC19_Verify_ShippingMethod, Shipping method page should display, Yes, High</td>
<td></td>
<td>162</td>
<td>com.testcases.driverscripts.Execute_MainScript@25bbe1b6</td></tr>
<tr>
<td title='com.testcases.driverscripts.Execute_MainScript.ExecuteTest()'><b>ExecuteTest</b><br>Test class: com.testcases.driverscripts.Execute_MainScript<br>Parameters: ALL_PAGES, END_TO_END, TC20_21_Verify_BillingPage, 1. Billing page should appear
2. User should be able to add credit card successfully
3.User must be navigated to final check out page, Yes, High</td>
<td></td>
<td>203</td>
<td>com.testcases.driverscripts.Execute_MainScript@25bbe1b6</td></tr>
<tr>
<td title='com.testcases.driverscripts.Execute_MainScript.ExecuteTest()'><b>ExecuteTest</b><br>Test class: com.testcases.driverscripts.Execute_MainScript<br>Parameters: ALL_PAGES, END_TO_END, TC22_Verify_PlaceOrder, Order should be placed successfully, Yes, High</td>
<td></td>
<td>260</td>
<td>com.testcases.driverscripts.Execute_MainScript@25bbe1b6</td></tr>
<tr>
<td title='com.testcases.driverscripts.Execute_MainScript.ExecuteTest()'><b>ExecuteTest</b><br>Test class: com.testcases.driverscripts.Execute_MainScript<br>Parameters: ALL_PAGES, END_TO_END, TC02_Verify_MYACC, Verify Myaccounts Section for Managed User, Yes, High</td>
<td></td>
<td>84</td>
<td>com.testcases.driverscripts.Execute_MainScript@25bbe1b6</td></tr>
<tr>
<td title='com.testcases.driverscripts.Execute_MainScript.ExecuteTest()'><b>ExecuteTest</b><br>Test class: com.testcases.driverscripts.Execute_MainScript<br>Parameters: ALL_PAGES, END_TO_END, TC02_Verify_MYACC_RegisteredUser, Verify Myaccounts Section for Registered User, Yes, High</td>
<td></td>
<td>60</td>
<td>com.testcases.driverscripts.Execute_MainScript@25bbe1b6</td></tr>
<tr>
<td title='com.testcases.driverscripts.Execute_MainScript.ExecuteTest()'><b>ExecuteTest</b><br>Test class: com.testcases.driverscripts.Execute_MainScript<br>Parameters: ALL_PAGES, END_TO_END, TC30_Search_Typeahead, Type ahead must be displayed, Yes, High</td>
<td></td>
<td>29</td>
<td>com.testcases.driverscripts.Execute_MainScript@25bbe1b6</td></tr>
</table><p>
<table width='100%' border='1' class='invocation-skipped'>
<tr><td colspan='4' align='center'><b>SKIPPED TESTS</b></td></tr>
<tr><td><b>Test method</b></td>
<td width="30%"><b>Exception</b></td>
<td width="10%"><b>Time (seconds)</b></td>
<td><b>Instance</b></td>
</tr>
<tr>
<td title='com.testcases.driverscripts.Execute_MainScript.ExecuteTest()'><b>ExecuteTest</b><br>Test class: com.testcases.driverscripts.Execute_MainScript<br>Parameters: ALL_PAGES, END_TO_END, TC28_Verify_PunchOut_User, Verify Behaviour for PunchOut User, No, High</td>
<td><div><pre>org.testng.SkipException: TC28_Verify_PunchOut_User has been skipped..
	at com.testcases.driverscripts.Execute_MainScript.ExecuteTest(Execute_MainScript.java:398)
... Removed 23 stack frames</pre></div><a href='#' onClick='toggleBox("stack-trace1936262654", this, "Click to show all stack frames", "Click to hide stack frames")'>Click to show all stack frames</a>
<div class='stack-trace' id='stack-trace1936262654'><pre>org.testng.SkipException: TC28_Verify_PunchOut_User has been skipped..
	at com.testcases.driverscripts.Execute_MainScript.ExecuteTest(Execute_MainScript.java:398)
	at sun.reflect.GeneratedMethodAccessor7.invoke(Unknown Source)
	at sun.reflect.DelegatingMethodAccessorImpl.invoke(Unknown Source)
	at java.lang.reflect.Method.invoke(Unknown Source)
	at org.testng.internal.MethodInvocationHelper.invokeMethod(MethodInvocationHelper.java:85)
	at org.testng.internal.Invoker.invokeMethod(Invoker.java:639)
	at org.testng.internal.Invoker.invokeTestMethod(Invoker.java:816)
	at org.testng.internal.Invoker.invokeTestMethods(Invoker.java:1124)
	at org.testng.internal.TestMethodWorker.invokeTestMethods(TestMethodWorker.java:125)
	at org.testng.internal.TestMethodWorker.run(TestMethodWorker.java:108)
	at org.testng.TestRunner.privateRun(TestRunner.java:774)
	at org.testng.TestRunner.run(TestRunner.java:624)
	at org.testng.SuiteRunner.runTest(SuiteRunner.java:359)
	at org.testng.SuiteRunner.runSequentially(SuiteRunner.java:354)
	at org.testng.SuiteRunner.privateRun(SuiteRunner.java:312)
	at org.testng.SuiteRunner.run(SuiteRunner.java:261)
	at org.testng.SuiteRunnerWorker.runSuite(SuiteRunnerWorker.java:52)
	at org.testng.SuiteRunnerWorker.run(SuiteRunnerWorker.java:86)
	at org.testng.TestNG.runSuitesSequentially(TestNG.java:1191)
	at org.testng.TestNG.runSuitesLocally(TestNG.java:1116)
	at org.testng.TestNG.run(TestNG.java:1024)
	at org.testng.remote.AbstractRemoteTestNG.run(AbstractRemoteTestNG.java:114)
	at org.testng.remote.RemoteTestNG.initAndRun(RemoteTestNG.java:251)
	at org.testng.remote.RemoteTestNG.main(RemoteTestNG.java:77)
</pre></div></td>
<td>0</td>
<td>com.testcases.driverscripts.Execute_MainScript@25bbe1b6</td></tr>
<tr>
<td title='com.testcases.driverscripts.Execute_MainScript.ExecuteTest()'><b>ExecuteTest</b><br>Test class: com.testcases.driverscripts.Execute_MainScript<br>Parameters: ALL_PAGES, END_TO_END, TC29_VerifyALL_Links_Myaccount, All the pages must be displayed, no, High</td>
<td><div><pre>org.testng.SkipException: TC29_VerifyALL_Links_Myaccount has been skipped..
	at com.testcases.driverscripts.Execute_MainScript.ExecuteTest(Execute_MainScript.java:398)
... Removed 23 stack frames</pre></div><a href='#' onClick='toggleBox("stack-trace671948173", this, "Click to show all stack frames", "Click to hide stack frames")'>Click to show all stack frames</a>
<div class='stack-trace' id='stack-trace671948173'><pre>org.testng.SkipException: TC29_VerifyALL_Links_Myaccount has been skipped..
	at com.testcases.driverscripts.Execute_MainScript.ExecuteTest(Execute_MainScript.java:398)
	at sun.reflect.GeneratedMethodAccessor7.invoke(Unknown Source)
	at sun.reflect.DelegatingMethodAccessorImpl.invoke(Unknown Source)
	at java.lang.reflect.Method.invoke(Unknown Source)
	at org.testng.internal.MethodInvocationHelper.invokeMethod(MethodInvocationHelper.java:85)
	at org.testng.internal.Invoker.invokeMethod(Invoker.java:639)
	at org.testng.internal.Invoker.invokeTestMethod(Invoker.java:816)
	at org.testng.internal.Invoker.invokeTestMethods(Invoker.java:1124)
	at org.testng.internal.TestMethodWorker.invokeTestMethods(TestMethodWorker.java:125)
	at org.testng.internal.TestMethodWorker.run(TestMethodWorker.java:108)
	at org.testng.TestRunner.privateRun(TestRunner.java:774)
	at org.testng.TestRunner.run(TestRunner.java:624)
	at org.testng.SuiteRunner.runTest(SuiteRunner.java:359)
	at org.testng.SuiteRunner.runSequentially(SuiteRunner.java:354)
	at org.testng.SuiteRunner.privateRun(SuiteRunner.java:312)
	at org.testng.SuiteRunner.run(SuiteRunner.java:261)
	at org.testng.SuiteRunnerWorker.runSuite(SuiteRunnerWorker.java:52)
	at org.testng.SuiteRunnerWorker.run(SuiteRunnerWorker.java:86)
	at org.testng.TestNG.runSuitesSequentially(TestNG.java:1191)
	at org.testng.TestNG.runSuitesLocally(TestNG.java:1116)
	at org.testng.TestNG.run(TestNG.java:1024)
	at org.testng.remote.AbstractRemoteTestNG.run(AbstractRemoteTestNG.java:114)
	at org.testng.remote.RemoteTestNG.initAndRun(RemoteTestNG.java:251)
	at org.testng.remote.RemoteTestNG.main(RemoteTestNG.java:77)
</pre></div></td>
<td>0</td>
<td>com.testcases.driverscripts.Execute_MainScript@25bbe1b6</td></tr>
</table><p>
</body>
</html>