<!DOCTYPE html PUBLIC "-//W3C//DTD XHTML 1.1//EN" "http://www.w3.org/TR/xhtml11/DTD/xhtml11.dtd">
<html xmlns="http://www.w3.org/1999/xhtml"><head><title>TestNG Report</title><style type="text/css">table {margin-bottom:10px;border-collapse:collapse;empty-cells:show}th,td {border:1px solid #009;padding:.25em .5em}th {vertical-align:bottom}td {vertical-align:top}table a {font-weight:bold}.stripe td {background-color: #E6EBF9}.num {text-align:right}.passedodd td {background-color: #3F3}.passedeven td {background-color: #0A0}.skippedodd td {background-color: #DDD}.skippedeven td {background-color: #CCC}.failedodd td,.attn {background-color: #F33}.failedeven td,.stripe .attn {background-color: #D00}.stacktrace {white-space:pre;font-family:monospace}.totop {font-size:85%;text-align:center;border-bottom:2px solid #000}</style></head><body><table><tr><th>Test</th><th># Passed</th><th># Skipped</th><th># Failed</th><th>Time (ms)</th><th>Included Groups</th><th>Excluded Groups</th></tr><tr><th colspan="7">Suite</th></tr><tr><td><a href="#t0">Chrome_test</a></td><td class="num">24</td><td class="num attn">2</td><td class="num attn">6</td><td class="num">2,119,776</td><td></td><td></td></tr></table><table><thead><tr><th>Class</th><th>Method</th><th>Start</th><th>Time (ms)</th></tr></thead><tbody><tr><th colspan="4">Suite</th></tr></tbody><tbody id="t0"><tr><th colspan="4">Chrome_test &#8212; failed</th></tr><tr class="failedeven"><td rowspan="6">com.testcases.driverscripts.Execute_MainScript</td><td><a href="#m0">ExecuteTest</a></td><td rowspan="6">1587535293928</td><td rowspan="6">31828</td></tr><tr class="failedeven"><td><a href="#m1">ExecuteTest</a></td></tr><tr class="failedeven"><td><a href="#m2">ExecuteTest</a></td></tr><tr class="failedeven"><td><a href="#m3">ExecuteTest</a></td></tr><tr class="failedeven"><td><a href="#m4">ExecuteTest</a></td></tr><tr class="failedeven"><td><a href="#m5">ExecuteTest</a></td></tr><tr><th colspan="4">Chrome_test &#8212; skipped</th></tr><tr class="skippedeven"><td rowspan="2">com.testcases.driverscripts.Execute_MainScript</td><td><a href="#m6">ExecuteTest</a></td><td rowspan="2">1587535264842</td><td rowspan="2">13</td></tr><tr class="skippedeven"><td><a href="#m7">ExecuteTest</a></td></tr><tr><th colspan="4">Chrome_test &#8212; passed</th></tr><tr class="passedeven"><td rowspan="24">com.testcases.driverscripts.Execute_MainScript</td><td><a href="#m8">ExecuteTest</a></td><td rowspan="24">1587535264857</td><td rowspan="24">29069</td></tr><tr class="passedeven"><td><a href="#m9">ExecuteTest</a></td></tr><tr class="passedeven"><td><a href="#m10">ExecuteTest</a></td></tr><tr class="passedeven"><td><a href="#m11">ExecuteTest</a></td></tr><tr class="passedeven"><td><a href="#m12">ExecuteTest</a></td></tr><tr class="passedeven"><td><a href="#m13">ExecuteTest</a></td></tr><tr class="passedeven"><td><a href="#m14">ExecuteTest</a></td></tr><tr class="passedeven"><td><a href="#m15">ExecuteTest</a></td></tr><tr class="passedeven"><td><a href="#m16">ExecuteTest</a></td></tr><tr class="passedeven"><td><a href="#m17">ExecuteTest</a></td></tr><tr class="passedeven"><td><a href="#m18">ExecuteTest</a></td></tr><tr class="passedeven"><td><a href="#m19">ExecuteTest</a></td></tr><tr class="passedeven"><td><a href="#m20">ExecuteTest</a></td></tr><tr class="passedeven"><td><a href="#m21">ExecuteTest</a></td></tr><tr class="passedeven"><td><a href="#m22">ExecuteTest</a></td></tr><tr class="passedeven"><td><a href="#m23">ExecuteTest</a></td></tr><tr class="passedeven"><td><a href="#m24">ExecuteTest</a></td></tr><tr class="passedeven"><td><a href="#m25">ExecuteTest</a></td></tr><tr class="passedeven"><td><a href="#m26">ExecuteTest</a></td></tr><tr class="passedeven"><td><a href="#m27">ExecuteTest</a></td></tr><tr class="passedeven"><td><a href="#m28">ExecuteTest</a></td></tr><tr class="passedeven"><td><a href="#m29">ExecuteTest</a></td></tr><tr class="passedeven"><td><a href="#m30">ExecuteTest</a></td></tr><tr class="passedeven"><td><a href="#m31">ExecuteTest</a></td></tr></tbody></table><h2>Chrome_test</h2><h3 id="m0">com.testcases.driverscripts.Execute_MainScript#ExecuteTest</h3><table class="result"><tr class="param"><th>Parameter #1</th><th>Parameter #2</th><th>Parameter #3</th><th>Parameter #4</th><th>Parameter #5</th><th>Parameter #6</th></tr><tr class="param stripe"><td>ALL_PAGES</td><td>END_TO_END</td><td>TC31_Verify_login</td><td>User should be able to login successfully</td><td>Yes</td><td>High</td></tr><tr><th colspan="6">Exception</th></tr><tr><td colspan="6"><div class="stacktrace">java.lang.AssertionError: NOT able to find element within given time frame...!!! Element name: &apos;Uname1.
	at com.operations.Common.FireClass.FailedTCOperation(FireClass.java:84)
	at com.testcases.driverscripts.Execute_MainScript.ExecuteTest(Execute_MainScript.java:365)
... Removed 24 stack frames</div></td></tr></table><p class="totop"><a href="#summary">back to summary</a></p><h3 id="m1">com.testcases.driverscripts.Execute_MainScript#ExecuteTest</h3><table class="result"><tr class="param"><th>Parameter #1</th><th>Parameter #2</th><th>Parameter #3</th><th>Parameter #4</th><th>Parameter #5</th><th>Parameter #6</th></tr><tr class="param stripe"><td>ALL_PAGES</td><td>END_TO_END</td><td>TC40_Adding_MultipleItems_QuickOrder</td><td>1. more than 10 Items should be added to cart
2. Appropriate inventory message must be displayed</td><td>Yes</td><td>High</td></tr><tr><th colspan="6">Exception</th></tr><tr><td colspan="6"><div class="stacktrace">java.lang.AssertionError: NOT able to find element within given time frame...!!! Element name: &apos;Uname1.
	at com.operations.Common.FireClass.FailedTCOperation(FireClass.java:84)
	at com.testcases.driverscripts.Execute_MainScript.ExecuteTest(Execute_MainScript.java:365)
... Removed 24 stack frames</div></td></tr></table><p class="totop"><a href="#summary">back to summary</a></p><h3 id="m2">com.testcases.driverscripts.Execute_MainScript#ExecuteTest</h3><table class="result"><tr class="param"><th>Parameter #1</th><th>Parameter #2</th><th>Parameter #3</th><th>Parameter #4</th><th>Parameter #5</th><th>Parameter #6</th></tr><tr class="param stripe"><td>ALL_PAGES</td><td>END_TO_END</td><td>TC27_Verify_Store_room</td><td>Products must be added to store room successfully</td><td>Yes</td><td>High</td></tr><tr><th colspan="6">Exception</th></tr><tr><td colspan="6"><div class="stacktrace">java.lang.AssertionError: NOT able to find element within given time frame...!!! Element name: &apos;Uname1.
	at com.operations.Common.FireClass.FailedTCOperation(FireClass.java:84)
	at com.testcases.driverscripts.Execute_MainScript.ExecuteTest(Execute_MainScript.java:365)
... Removed 24 stack frames</div></td></tr></table><p class="totop"><a href="#summary">back to summary</a></p><h3 id="m3">com.testcases.driverscripts.Execute_MainScript#ExecuteTest</h3><table class="result"><tr class="param"><th>Parameter #1</th><th>Parameter #2</th><th>Parameter #3</th><th>Parameter #4</th><th>Parameter #5</th><th>Parameter #6</th></tr><tr class="param stripe"><td>ALL_PAGES</td><td>END_TO_END</td><td>TC23_Verify_UserRegistration</td><td>Verify New registration</td><td>Yes</td><td>High</td></tr><tr><th colspan="6">Exception</th></tr><tr><td colspan="6"><div class="stacktrace">java.lang.AssertionError: NOT able to find element within given time frame...!!! Element name: &apos;RegisterButton.
	at com.operations.Common.FireClass.FailedTCOperation(FireClass.java:84)
	at com.testcases.driverscripts.Execute_MainScript.ExecuteTest(Execute_MainScript.java:365)
... Removed 24 stack frames</div></td></tr></table><p class="totop"><a href="#summary">back to summary</a></p><h3 id="m4">com.testcases.driverscripts.Execute_MainScript#ExecuteTest</h3><table class="result"><tr class="param"><th>Parameter #1</th><th>Parameter #2</th><th>Parameter #3</th><th>Parameter #4</th><th>Parameter #5</th><th>Parameter #6</th></tr><tr class="param stripe"><td>ALL_PAGES</td><td>END_TO_END</td><td>TC24_Verify_PlaceOrder_LoggedIn</td><td>Order should be placed successfully</td><td>Yes</td><td>High</td></tr><tr><th colspan="6">Exception</th></tr><tr><td colspan="6"><div class="stacktrace">java.lang.AssertionError: NOT able to find element within given time frame...!!! Element name: &apos;Uname1.
	at com.operations.Common.FireClass.FailedTCOperation(FireClass.java:84)
	at com.testcases.driverscripts.Execute_MainScript.ExecuteTest(Execute_MainScript.java:365)
... Removed 24 stack frames</div></td></tr></table><p class="totop"><a href="#summary">back to summary</a></p><h3 id="m5">com.testcases.driverscripts.Execute_MainScript#ExecuteTest</h3><table class="result"><tr class="param"><th>Parameter #1</th><th>Parameter #2</th><th>Parameter #3</th><th>Parameter #4</th><th>Parameter #5</th><th>Parameter #6</th></tr><tr class="param stripe"><td>ALL_PAGES</td><td>END_TO_END</td><td>TC32_Verify_store_location</td><td>1. Go to site and then go to store location page
2. Search for store
3. Verify the displayed results</td><td>Yes</td><td>High</td></tr><tr><th colspan="6">Exception</th></tr><tr><td colspan="6"><div class="stacktrace">java.lang.AssertionError: NOT able to find element within given time frame...!!! Element name: &apos;Uname1.
	at com.operations.Common.FireClass.FailedTCOperation(FireClass.java:84)
	at com.testcases.driverscripts.Execute_MainScript.ExecuteTest(Execute_MainScript.java:365)
... Removed 24 stack frames</div></td></tr></table><p class="totop"><a href="#summary">back to summary</a></p><h3 id="m6">com.testcases.driverscripts.Execute_MainScript#ExecuteTest</h3><table class="result"><tr class="param"><th>Parameter #1</th><th>Parameter #2</th><th>Parameter #3</th><th>Parameter #4</th><th>Parameter #5</th><th>Parameter #6</th></tr><tr class="param stripe"><td>ALL_PAGES</td><td>END_TO_END</td><td>TC29_VerifyALL_Links_Myaccount</td><td>All the pages must be displayed</td><td>no</td><td>High</td></tr><tr><th colspan="6">Exception</th></tr><tr><td colspan="6"><div class="stacktrace">org.testng.SkipException: TC29_VerifyALL_Links_Myaccount has been skipped..
	at com.testcases.driverscripts.Execute_MainScript.ExecuteTest(Execute_MainScript.java:398)
... Removed 23 stack frames</div></td></tr></table><p class="totop"><a href="#summary">back to summary</a></p><h3 id="m7">com.testcases.driverscripts.Execute_MainScript#ExecuteTest</h3><table class="result"><tr class="param"><th>Parameter #1</th><th>Parameter #2</th><th>Parameter #3</th><th>Parameter #4</th><th>Parameter #5</th><th>Parameter #6</th></tr><tr class="param stripe"><td>ALL_PAGES</td><td>END_TO_END</td><td>TC28_Verify_PunchOut_User</td><td>Verify Behaviour for PunchOut User</td><td>No</td><td>High</td></tr><tr><th colspan="6">Exception</th></tr><tr><td colspan="6"><div class="stacktrace">org.testng.SkipException: TC28_Verify_PunchOut_User has been skipped..
	at com.testcases.driverscripts.Execute_MainScript.ExecuteTest(Execute_MainScript.java:398)
... Removed 23 stack frames</div></td></tr></table><p class="totop"><a href="#summary">back to summary</a></p><h3 id="m8">com.testcases.driverscripts.Execute_MainScript#ExecuteTest</h3><table class="result"><tr class="param"><th>Parameter #1</th><th>Parameter #2</th><th>Parameter #3</th><th>Parameter #4</th><th>Parameter #5</th><th>Parameter #6</th></tr><tr class="param stripe"><td>ALL_PAGES</td><td>END_TO_END</td><td>TC30_Search_Typeahead</td><td>Type ahead must be displayed</td><td>Yes</td><td>High</td></tr></table><p class="totop"><a href="#summary">back to summary</a></p><h3 id="m9">com.testcases.driverscripts.Execute_MainScript#ExecuteTest</h3><table class="result"><tr class="param"><th>Parameter #1</th><th>Parameter #2</th><th>Parameter #3</th><th>Parameter #4</th><th>Parameter #5</th><th>Parameter #6</th></tr><tr class="param stripe"><td>ALL_PAGES</td><td>END_TO_END</td><td>TC01_Verify_HomePage</td><td>View store home</td><td>Yes</td><td>High</td></tr></table><p class="totop"><a href="#summary">back to summary</a></p><h3 id="m10">com.testcases.driverscripts.Execute_MainScript#ExecuteTest</h3><table class="result"><tr class="param"><th>Parameter #1</th><th>Parameter #2</th><th>Parameter #3</th><th>Parameter #4</th><th>Parameter #5</th><th>Parameter #6</th></tr><tr class="param stripe"><td>ALL_PAGES</td><td>END_TO_END</td><td>TC18_Verify_ShippingPage</td><td>Shipping page must appear</td><td>Yes</td><td>High</td></tr></table><p class="totop"><a href="#summary">back to summary</a></p><h3 id="m11">com.testcases.driverscripts.Execute_MainScript#ExecuteTest</h3><table class="result"><tr class="param"><th>Parameter #1</th><th>Parameter #2</th><th>Parameter #3</th><th>Parameter #4</th><th>Parameter #5</th><th>Parameter #6</th></tr><tr class="param stripe"><td>ALL_PAGES</td><td>END_TO_END</td><td>TC09_Verify_Documented_Savings</td><td>Article should display</td><td>Yes</td><td>High</td></tr></table><p class="totop"><a href="#summary">back to summary</a></p><h3 id="m12">com.testcases.driverscripts.Execute_MainScript#ExecuteTest</h3><table class="result"><tr class="param"><th>Parameter #1</th><th>Parameter #2</th><th>Parameter #3</th><th>Parameter #4</th><th>Parameter #5</th><th>Parameter #6</th></tr><tr class="param stripe"><td>ALL_PAGES</td><td>END_TO_END</td><td>TC14_Verify_AddToCart_from_Search</td><td>Item should be added to cart</td><td>Yes</td><td>High</td></tr></table><p class="totop"><a href="#summary">back to summary</a></p><h3 id="m13">com.testcases.driverscripts.Execute_MainScript#ExecuteTest</h3><table class="result"><tr class="param"><th>Parameter #1</th><th>Parameter #2</th><th>Parameter #3</th><th>Parameter #4</th><th>Parameter #5</th><th>Parameter #6</th></tr><tr class="param stripe"><td>ALL_PAGES</td><td>END_TO_END</td><td>TC03_Verify_BLP_Solutions_ContactUS</td><td>1. Go to home page
2. Verify brands, solutions, resources, contact and about us pages, Search filed and quick order link</td><td>Yes</td><td>High</td></tr></table><p class="totop"><a href="#summary">back to summary</a></p><h3 id="m14">com.testcases.driverscripts.Execute_MainScript#ExecuteTest</h3><table class="result"><tr class="param"><th>Parameter #1</th><th>Parameter #2</th><th>Parameter #3</th><th>Parameter #4</th><th>Parameter #5</th><th>Parameter #6</th></tr><tr class="param stripe"><td>ALL_PAGES</td><td>END_TO_END</td><td>TC05_Search_product_in_Catalog</td><td>Search product in Catalog </td><td>Yes</td><td>High</td></tr></table><p class="totop"><a href="#summary">back to summary</a></p><h3 id="m15">com.testcases.driverscripts.Execute_MainScript#ExecuteTest</h3><table class="result"><tr class="param"><th>Parameter #1</th><th>Parameter #2</th><th>Parameter #3</th><th>Parameter #4</th><th>Parameter #5</th><th>Parameter #6</th></tr><tr class="param stripe"><td>ALL_PAGES</td><td>END_TO_END</td><td>TC12_Verify_AddToCart_from_PDP</td><td>1. Item should be added to cart
2. Appropriate inventory message must be displayed</td><td>Yes</td><td>High</td></tr></table><p class="totop"><a href="#summary">back to summary</a></p><h3 id="m16">com.testcases.driverscripts.Execute_MainScript#ExecuteTest</h3><table class="result"><tr class="param"><th>Parameter #1</th><th>Parameter #2</th><th>Parameter #3</th><th>Parameter #4</th><th>Parameter #5</th><th>Parameter #6</th></tr><tr class="param stripe"><td>ALL_PAGES</td><td>END_TO_END</td><td>TC04_Search_product_not_in_Catalog</td><td>Search product not in Catalog </td><td>Yes</td><td>High</td></tr></table><p class="totop"><a href="#summary">back to summary</a></p><h3 id="m17">com.testcases.driverscripts.Execute_MainScript#ExecuteTest</h3><table class="result"><tr class="param"><th>Parameter #1</th><th>Parameter #2</th><th>Parameter #3</th><th>Parameter #4</th><th>Parameter #5</th><th>Parameter #6</th></tr><tr class="param stripe"><td>ALL_PAGES</td><td>END_TO_END</td><td>TC22_Verify_PlaceOrder</td><td>Order should be placed successfully</td><td>Yes</td><td>High</td></tr></table><p class="totop"><a href="#summary">back to summary</a></p><h3 id="m18">com.testcases.driverscripts.Execute_MainScript#ExecuteTest</h3><table class="result"><tr class="param"><th>Parameter #1</th><th>Parameter #2</th><th>Parameter #3</th><th>Parameter #4</th><th>Parameter #5</th><th>Parameter #6</th></tr><tr class="param stripe"><td>ALL_PAGES</td><td>END_TO_END</td><td>TC08_VerifyProductListPLP</td><td>Should display products list</td><td>Yes</td><td>High</td></tr></table><p class="totop"><a href="#summary">back to summary</a></p><h3 id="m19">com.testcases.driverscripts.Execute_MainScript#ExecuteTest</h3><table class="result"><tr class="param"><th>Parameter #1</th><th>Parameter #2</th><th>Parameter #3</th><th>Parameter #4</th><th>Parameter #5</th><th>Parameter #6</th></tr><tr class="param stripe"><td>ALL_PAGES</td><td>END_TO_END</td><td>TC11_Verify_PDP_From_Search_results</td><td>PDP should display</td><td>Yes</td><td>High</td></tr></table><p class="totop"><a href="#summary">back to summary</a></p><h3 id="m20">com.testcases.driverscripts.Execute_MainScript#ExecuteTest</h3><table class="result"><tr class="param"><th>Parameter #1</th><th>Parameter #2</th><th>Parameter #3</th><th>Parameter #4</th><th>Parameter #5</th><th>Parameter #6</th></tr><tr class="param stripe"><td>ALL_PAGES</td><td>END_TO_END</td><td>TC20_21_Verify_BillingPage</td><td>1. Billing page should appear
2. User should be able to add credit card successfully
3.User must be navigated to final check out page</td><td>Yes</td><td>High</td></tr></table><p class="totop"><a href="#summary">back to summary</a></p><h3 id="m21">com.testcases.driverscripts.Execute_MainScript#ExecuteTest</h3><table class="result"><tr class="param"><th>Parameter #1</th><th>Parameter #2</th><th>Parameter #3</th><th>Parameter #4</th><th>Parameter #5</th><th>Parameter #6</th></tr><tr class="param stripe"><td>ALL_PAGES</td><td>END_TO_END</td><td>TC13_Verify_Search_Dimensions</td><td>Search results should appear
Dimensions appear on left</td><td>Yes</td><td>High</td></tr></table><p class="totop"><a href="#summary">back to summary</a></p><h3 id="m22">com.testcases.driverscripts.Execute_MainScript#ExecuteTest</h3><table class="result"><tr class="param"><th>Parameter #1</th><th>Parameter #2</th><th>Parameter #3</th><th>Parameter #4</th><th>Parameter #5</th><th>Parameter #6</th></tr><tr class="param stripe"><td>ALL_PAGES</td><td>END_TO_END</td><td>TC07_SearchCategory</td><td>User should be directed to category page</td><td>Yes</td><td>High</td></tr></table><p class="totop"><a href="#summary">back to summary</a></p><h3 id="m23">com.testcases.driverscripts.Execute_MainScript#ExecuteTest</h3><table class="result"><tr class="param"><th>Parameter #1</th><th>Parameter #2</th><th>Parameter #3</th><th>Parameter #4</th><th>Parameter #5</th><th>Parameter #6</th></tr><tr class="param stripe"><td>ALL_PAGES</td><td>END_TO_END</td><td>TC19_Verify_ShippingMethod</td><td>Shipping method page should display</td><td>Yes</td><td>High</td></tr></table><p class="totop"><a href="#summary">back to summary</a></p><h3 id="m24">com.testcases.driverscripts.Execute_MainScript#ExecuteTest</h3><table class="result"><tr class="param"><th>Parameter #1</th><th>Parameter #2</th><th>Parameter #3</th><th>Parameter #4</th><th>Parameter #5</th><th>Parameter #6</th></tr><tr class="param stripe"><td>ALL_PAGES</td><td>END_TO_END</td><td>TC15_Verify_ViewFullCart</td><td>1. Cart should display
2. All items in cart must have pricing</td><td>Yes</td><td>High</td></tr></table><p class="totop"><a href="#summary">back to summary</a></p><h3 id="m25">com.testcases.driverscripts.Execute_MainScript#ExecuteTest</h3><table class="result"><tr class="param"><th>Parameter #1</th><th>Parameter #2</th><th>Parameter #3</th><th>Parameter #4</th><th>Parameter #5</th><th>Parameter #6</th></tr><tr class="param stripe"><td>ALL_PAGES</td><td>END_TO_END</td><td>TC02_Verify_MYACC</td><td>Verify Myaccounts Section for Managed User</td><td>Yes</td><td>High</td></tr></table><p class="totop"><a href="#summary">back to summary</a></p><h3 id="m26">com.testcases.driverscripts.Execute_MainScript#ExecuteTest</h3><table class="result"><tr class="param"><th>Parameter #1</th><th>Parameter #2</th><th>Parameter #3</th><th>Parameter #4</th><th>Parameter #5</th><th>Parameter #6</th></tr><tr class="param stripe"><td>ALL_PAGES</td><td>END_TO_END</td><td>TC17_Verify_CheckoutButton</td><td>Items  and price must update</td><td>Yes</td><td>High</td></tr></table><p class="totop"><a href="#summary">back to summary</a></p><h3 id="m27">com.testcases.driverscripts.Execute_MainScript#ExecuteTest</h3><table class="result"><tr class="param"><th>Parameter #1</th><th>Parameter #2</th><th>Parameter #3</th><th>Parameter #4</th><th>Parameter #5</th><th>Parameter #6</th></tr><tr class="param stripe"><td>ALL_PAGES</td><td>END_TO_END</td><td>TC16_Update_Quantity_CartPage</td><td>Items  and price must update</td><td>Yes</td><td>High</td></tr></table><p class="totop"><a href="#summary">back to summary</a></p><h3 id="m28">com.testcases.driverscripts.Execute_MainScript#ExecuteTest</h3><table class="result"><tr class="param"><th>Parameter #1</th><th>Parameter #2</th><th>Parameter #3</th><th>Parameter #4</th><th>Parameter #5</th><th>Parameter #6</th></tr><tr class="param stripe"><td>ALL_PAGES</td><td>END_TO_END</td><td>TC10_Verify_Search_results</td><td>Search results must display</td><td>Yes</td><td>High</td></tr></table><p class="totop"><a href="#summary">back to summary</a></p><h3 id="m29">com.testcases.driverscripts.Execute_MainScript#ExecuteTest</h3><table class="result"><tr class="param"><th>Parameter #1</th><th>Parameter #2</th><th>Parameter #3</th><th>Parameter #4</th><th>Parameter #5</th><th>Parameter #6</th></tr><tr class="param stripe"><td>ALL_PAGES</td><td>END_TO_END</td><td>TC26_Verify_Clear_Cart</td><td>All the items must be removed from the cart</td><td>Yes</td><td>High</td></tr></table><p class="totop"><a href="#summary">back to summary</a></p><h3 id="m30">com.testcases.driverscripts.Execute_MainScript#ExecuteTest</h3><table class="result"><tr class="param"><th>Parameter #1</th><th>Parameter #2</th><th>Parameter #3</th><th>Parameter #4</th><th>Parameter #5</th><th>Parameter #6</th></tr><tr class="param stripe"><td>ALL_PAGES</td><td>END_TO_END</td><td>TC02_Verify_MYACC_RegisteredUser</td><td>Verify Myaccounts Section for Registered User</td><td>Yes</td><td>High</td></tr></table><p class="totop"><a href="#summary">back to summary</a></p><h3 id="m31">com.testcases.driverscripts.Execute_MainScript#ExecuteTest</h3><table class="result"><tr class="param"><th>Parameter #1</th><th>Parameter #2</th><th>Parameter #3</th><th>Parameter #4</th><th>Parameter #5</th><th>Parameter #6</th></tr><tr class="param stripe"><td>ALL_PAGES</td><td>END_TO_END</td><td>TC6_SearchResults_Typeahead</td><td>1. when user typing, type ahead should work
2. User should be directed to search results list
3. Dimensions should appear on left</td><td>Yes</td><td>High</td></tr></table><p class="totop"><a href="#summary">back to summary</a></p></body></html>