<!DOCTYPE html>

<html>
  <head>
  <title>TestNG reports</title>

    <link type="text/css" href="testng-reports.css" rel="stylesheet" />  
    <script type="text/javascript" src="jquery-1.7.1.min.js"></script>
    <script type="text/javascript" src="testng-reports.js"></script>
    <script type="text/javascript" src="https://www.google.com/jsapi"></script>
    <script type='text/javascript'>
      google.load('visualization', '1', {packages:['table']});
      google.setOnLoadCallback(drawTable);
      var suiteTableInitFunctions = new Array();
      var suiteTableData = new Array();
    </script>
    <!--
      <script type="text/javascript" src="jquery-ui/js/jquery-ui-1.8.16.custom.min.js"></script>
     -->
  </head>

  <body>
    <div class="top-banner-root">
      <span class="top-banner-title-font">Test results</span>
      <br/>
      <span class="top-banner-font-1">1 suite, 6 failed tests</span>
    </div> <!-- top-banner-root -->
    <div class="navigator-root">
      <div class="navigator-suite-header">
        <span>All suites</span>
        <a href="#" class="collapse-all-link" title="Collapse/expand all the suites">
          <img class="collapse-all-icon" src="collapseall.gif">
          </img> <!-- collapse-all-icon -->
        </a> <!-- collapse-all-link -->
      </div> <!-- navigator-suite-header -->
      <div class="suite">
        <div class="rounded-window">
          <div class="suite-header light-rounded-window-top">
            <a href="#" class="navigator-link" panel-name="suite-Suite">
              <span class="suite-name border-failed">Suite</span>
            </a> <!-- navigator-link -->
          </div> <!-- suite-header light-rounded-window-top -->
          <div class="navigator-suite-content">
            <div class="suite-section-title">
              <span>Info</span>
            </div> <!-- suite-section-title -->
            <div class="suite-section-content">
              <ul>
                <li>
                  <a href="#" class="navigator-link " panel-name="test-xml-Suite">
                    <span>D:\ROhit\Rohit\Automation\Demo\Kaman_ECTEST_Sanity\TestRun.xml</span>
                  </a> <!-- navigator-link  -->
                </li>
                <li>
                  <a href="#" class="navigator-link " panel-name="testlist-Suite">
                    <span class="test-stats">1 test</span>
                  </a> <!-- navigator-link  -->
                </li>
                <li>
                  <a href="#" class="navigator-link " panel-name="group-Suite">
                    <span>0 groups</span>
                  </a> <!-- navigator-link  -->
                </li>
                <li>
                  <a href="#" class="navigator-link " panel-name="times-Suite">
                    <span>Times</span>
                  </a> <!-- navigator-link  -->
                </li>
                <li>
                  <a href="#" class="navigator-link " panel-name="reporter-Suite">
                    <span>Reporter output</span>
                  </a> <!-- navigator-link  -->
                </li>
                <li>
                  <a href="#" class="navigator-link " panel-name="ignored-methods-Suite">
                    <span>Ignored methods</span>
                  </a> <!-- navigator-link  -->
                </li>
                <li>
                  <a href="#" class="navigator-link " panel-name="chronological-Suite">
                    <span>Chronological view</span>
                  </a> <!-- navigator-link  -->
                </li>
              </ul>
            </div> <!-- suite-section-content -->
            <div class="result-section">
              <div class="suite-section-title">
                <span>Results</span>
              </div> <!-- suite-section-title -->
              <div class="suite-section-content">
                <ul>
                  <li>
                    <span class="method-stats">32 methods, 6 failed,  2 skipped,  24 passed</span>
                  </li>
                  <li>
                    <span class="method-list-title failed">Failed methods</span>
                    <span class="show-or-hide-methods failed">
                      <a href="#" panel-name="suite-Suite" class="hide-methods failed suite-Suite"> (hide)</a> <!-- hide-methods failed suite-Suite -->
                      <a href="#" panel-name="suite-Suite" class="show-methods failed suite-Suite"> (show)</a> <!-- show-methods failed suite-Suite -->
                    </span>
                    <div class="method-list-content failed suite-Suite">
                      <span>
                        <img width="3%" src="failed.png"/>
                        <a href="#" class="method navigator-link" panel-name="suite-Suite" title="com.testcases.driverscripts.Execute_MainScript" hash-for-method="ExecuteTest(ALL_PAGES, END_TO_END, TC31_Verify_login, User should be able to login successfully, Yes, High)">ExecuteTest(ALL_PAGES, END_TO_END, TC31_Verify_login, User should be able to login successfully, Yes, High)</a> <!-- method navigator-link -->
                      </span>
                      <br/>
                      <span>
                        <img width="3%" src="failed.png"/>
                        <a href="#" class="method navigator-link" panel-name="suite-Suite" title="com.testcases.driverscripts.Execute_MainScript" hash-for-method="ExecuteTest(ALL_PAGES, END_TO_END, TC40_Adding_MultipleItems_QuickOrder, 1. more than 10 Items should be added t...)">ExecuteTest(ALL_PAGES, END_TO_END, TC40_Adding_MultipleItems_QuickOrder, 1. more than 10 Items should be added t...)</a> <!-- method navigator-link -->
                      </span>
                      <br/>
                      <span>
                        <img width="3%" src="failed.png"/>
                        <a href="#" class="method navigator-link" panel-name="suite-Suite" title="com.testcases.driverscripts.Execute_MainScript" hash-for-method="ExecuteTest(ALL_PAGES, END_TO_END, TC27_Verify_Store_room, Products must be added to store room successfully, Ye...)">ExecuteTest(ALL_PAGES, END_TO_END, TC27_Verify_Store_room, Products must be added to store room successfully, Ye...)</a> <!-- method navigator-link -->
                      </span>
                      <br/>
                      <span>
                        <img width="3%" src="failed.png"/>
                        <a href="#" class="method navigator-link" panel-name="suite-Suite" title="com.testcases.driverscripts.Execute_MainScript" hash-for-method="ExecuteTest(ALL_PAGES, END_TO_END, TC23_Verify_UserRegistration, Verify New registration, Yes, High)">ExecuteTest(ALL_PAGES, END_TO_END, TC23_Verify_UserRegistration, Verify New registration, Yes, High)</a> <!-- method navigator-link -->
                      </span>
                      <br/>
                      <span>
                        <img width="3%" src="failed.png"/>
                        <a href="#" class="method navigator-link" panel-name="suite-Suite" title="com.testcases.driverscripts.Execute_MainScript" hash-for-method="ExecuteTest(ALL_PAGES, END_TO_END, TC24_Verify_PlaceOrder_LoggedIn, Order should be placed successfully, Yes, Hi...)">ExecuteTest(ALL_PAGES, END_TO_END, TC24_Verify_PlaceOrder_LoggedIn, Order should be placed successfully, Yes, Hi...)</a> <!-- method navigator-link -->
                      </span>
                      <br/>
                      <span>
                        <img width="3%" src="failed.png"/>
                        <a href="#" class="method navigator-link" panel-name="suite-Suite" title="com.testcases.driverscripts.Execute_MainScript" hash-for-method="ExecuteTest(ALL_PAGES, END_TO_END, TC32_Verify_store_location, 1. Go to site and then go to store location page
...)">ExecuteTest(ALL_PAGES, END_TO_END, TC32_Verify_store_location, 1. Go to site and then go to store location page
...)</a> <!-- method navigator-link -->
                      </span>
                      <br/>
                    </div> <!-- method-list-content failed suite-Suite -->
                  </li>
                  <li>
                    <span class="method-list-title skipped">Skipped methods</span>
                    <span class="show-or-hide-methods skipped">
                      <a href="#" panel-name="suite-Suite" class="hide-methods skipped suite-Suite"> (hide)</a> <!-- hide-methods skipped suite-Suite -->
                      <a href="#" panel-name="suite-Suite" class="show-methods skipped suite-Suite"> (show)</a> <!-- show-methods skipped suite-Suite -->
                    </span>
                    <div class="method-list-content skipped suite-Suite">
                      <span>
                        <img width="3%" src="skipped.png"/>
                        <a href="#" class="method navigator-link" panel-name="suite-Suite" title="com.testcases.driverscripts.Execute_MainScript" hash-for-method="ExecuteTest(ALL_PAGES, END_TO_END, TC29_VerifyALL_Links_Myaccount, All the pages must be displayed, no, High)">ExecuteTest(ALL_PAGES, END_TO_END, TC29_VerifyALL_Links_Myaccount, All the pages must be displayed, no, High)</a> <!-- method navigator-link -->
                      </span>
                      <br/>
                      <span>
                        <img width="3%" src="skipped.png"/>
                        <a href="#" class="method navigator-link" panel-name="suite-Suite" title="com.testcases.driverscripts.Execute_MainScript" hash-for-method="ExecuteTest(ALL_PAGES, END_TO_END, TC28_Verify_PunchOut_User, Verify Behaviour for PunchOut User, No, High)">ExecuteTest(ALL_PAGES, END_TO_END, TC28_Verify_PunchOut_User, Verify Behaviour for PunchOut User, No, High)</a> <!-- method navigator-link -->
                      </span>
                      <br/>
                    </div> <!-- method-list-content skipped suite-Suite -->
                  </li>
                  <li>
                    <span class="method-list-title passed">Passed methods</span>
                    <span class="show-or-hide-methods passed">
                      <a href="#" panel-name="suite-Suite" class="hide-methods passed suite-Suite"> (hide)</a> <!-- hide-methods passed suite-Suite -->
                      <a href="#" panel-name="suite-Suite" class="show-methods passed suite-Suite"> (show)</a> <!-- show-methods passed suite-Suite -->
                    </span>
                    <div class="method-list-content passed suite-Suite">
                      <span>
                        <img width="3%" src="passed.png"/>
                        <a href="#" class="method navigator-link" panel-name="suite-Suite" title="com.testcases.driverscripts.Execute_MainScript" hash-for-method="ExecuteTest(ALL_PAGES, END_TO_END, TC30_Search_Typeahead, Type ahead must be displayed, Yes, High)">ExecuteTest(ALL_PAGES, END_TO_END, TC30_Search_Typeahead, Type ahead must be displayed, Yes, High)</a> <!-- method navigator-link -->
                      </span>
                      <br/>
                      <span>
                        <img width="3%" src="passed.png"/>
                        <a href="#" class="method navigator-link" panel-name="suite-Suite" title="com.testcases.driverscripts.Execute_MainScript" hash-for-method="ExecuteTest(ALL_PAGES, END_TO_END, TC01_Verify_HomePage, View store home, Yes, High)">ExecuteTest(ALL_PAGES, END_TO_END, TC01_Verify_HomePage, View store home, Yes, High)</a> <!-- method navigator-link -->
                      </span>
                      <br/>
                      <span>
                        <img width="3%" src="passed.png"/>
                        <a href="#" class="method navigator-link" panel-name="suite-Suite" title="com.testcases.driverscripts.Execute_MainScript" hash-for-method="ExecuteTest(ALL_PAGES, END_TO_END, TC18_Verify_ShippingPage, Shipping page must appear, Yes, High)">ExecuteTest(ALL_PAGES, END_TO_END, TC18_Verify_ShippingPage, Shipping page must appear, Yes, High)</a> <!-- method navigator-link -->
                      </span>
                      <br/>
                      <span>
                        <img width="3%" src="passed.png"/>
                        <a href="#" class="method navigator-link" panel-name="suite-Suite" title="com.testcases.driverscripts.Execute_MainScript" hash-for-method="ExecuteTest(ALL_PAGES, END_TO_END, TC09_Verify_Documented_Savings, Article should display, Yes, High)">ExecuteTest(ALL_PAGES, END_TO_END, TC09_Verify_Documented_Savings, Article should display, Yes, High)</a> <!-- method navigator-link -->
                      </span>
                      <br/>
                      <span>
                        <img width="3%" src="passed.png"/>
                        <a href="#" class="method navigator-link" panel-name="suite-Suite" title="com.testcases.driverscripts.Execute_MainScript" hash-for-method="ExecuteTest(ALL_PAGES, END_TO_END, TC14_Verify_AddToCart_from_Search, Item should be added to cart, Yes, High)">ExecuteTest(ALL_PAGES, END_TO_END, TC14_Verify_AddToCart_from_Search, Item should be added to cart, Yes, High)</a> <!-- method navigator-link -->
                      </span>
                      <br/>
                      <span>
                        <img width="3%" src="passed.png"/>
                        <a href="#" class="method navigator-link" panel-name="suite-Suite" title="com.testcases.driverscripts.Execute_MainScript" hash-for-method="ExecuteTest(ALL_PAGES, END_TO_END, TC03_Verify_BLP_Solutions_ContactUS, 1. Go to home page
2. Verify brands, sol...)">ExecuteTest(ALL_PAGES, END_TO_END, TC03_Verify_BLP_Solutions_ContactUS, 1. Go to home page
2. Verify brands, sol...)</a> <!-- method navigator-link -->
                      </span>
                      <br/>
                      <span>
                        <img width="3%" src="passed.png"/>
                        <a href="#" class="method navigator-link" panel-name="suite-Suite" title="com.testcases.driverscripts.Execute_MainScript" hash-for-method="ExecuteTest(ALL_PAGES, END_TO_END, TC05_Search_product_in_Catalog, Search product in Catalog , Yes, High)">ExecuteTest(ALL_PAGES, END_TO_END, TC05_Search_product_in_Catalog, Search product in Catalog , Yes, High)</a> <!-- method navigator-link -->
                      </span>
                      <br/>
                      <span>
                        <img width="3%" src="passed.png"/>
                        <a href="#" class="method navigator-link" panel-name="suite-Suite" title="com.testcases.driverscripts.Execute_MainScript" hash-for-method="ExecuteTest(ALL_PAGES, END_TO_END, TC12_Verify_AddToCart_from_PDP, 1. Item should be added to cart
2. Appropriat...)">ExecuteTest(ALL_PAGES, END_TO_END, TC12_Verify_AddToCart_from_PDP, 1. Item should be added to cart
2. Appropriat...)</a> <!-- method navigator-link -->
                      </span>
                      <br/>
                      <span>
                        <img width="3%" src="passed.png"/>
                        <a href="#" class="method navigator-link" panel-name="suite-Suite" title="com.testcases.driverscripts.Execute_MainScript" hash-for-method="ExecuteTest(ALL_PAGES, END_TO_END, TC04_Search_product_not_in_Catalog, Search product not in Catalog , Yes, High)">ExecuteTest(ALL_PAGES, END_TO_END, TC04_Search_product_not_in_Catalog, Search product not in Catalog , Yes, High)</a> <!-- method navigator-link -->
                      </span>
                      <br/>
                      <span>
                        <img width="3%" src="passed.png"/>
                        <a href="#" class="method navigator-link" panel-name="suite-Suite" title="com.testcases.driverscripts.Execute_MainScript" hash-for-method="ExecuteTest(ALL_PAGES, END_TO_END, TC22_Verify_PlaceOrder, Order should be placed successfully, Yes, High)">ExecuteTest(ALL_PAGES, END_TO_END, TC22_Verify_PlaceOrder, Order should be placed successfully, Yes, High)</a> <!-- method navigator-link -->
                      </span>
                      <br/>
                      <span>
                        <img width="3%" src="passed.png"/>
                        <a href="#" class="method navigator-link" panel-name="suite-Suite" title="com.testcases.driverscripts.Execute_MainScript" hash-for-method="ExecuteTest(ALL_PAGES, END_TO_END, TC08_VerifyProductListPLP, Should display products list, Yes, High)">ExecuteTest(ALL_PAGES, END_TO_END, TC08_VerifyProductListPLP, Should display products list, Yes, High)</a> <!-- method navigator-link -->
                      </span>
                      <br/>
                      <span>
                        <img width="3%" src="passed.png"/>
                        <a href="#" class="method navigator-link" panel-name="suite-Suite" title="com.testcases.driverscripts.Execute_MainScript" hash-for-method="ExecuteTest(ALL_PAGES, END_TO_END, TC11_Verify_PDP_From_Search_results, PDP should display, Yes, High)">ExecuteTest(ALL_PAGES, END_TO_END, TC11_Verify_PDP_From_Search_results, PDP should display, Yes, High)</a> <!-- method navigator-link -->
                      </span>
                      <br/>
                      <span>
                        <img width="3%" src="passed.png"/>
                        <a href="#" class="method navigator-link" panel-name="suite-Suite" title="com.testcases.driverscripts.Execute_MainScript" hash-for-method="ExecuteTest(ALL_PAGES, END_TO_END, TC20_21_Verify_BillingPage, 1. Billing page should appear
2. User should be a...)">ExecuteTest(ALL_PAGES, END_TO_END, TC20_21_Verify_BillingPage, 1. Billing page should appear
2. User should be a...)</a> <!-- method navigator-link -->
                      </span>
                      <br/>
                      <span>
                        <img width="3%" src="passed.png"/>
                        <a href="#" class="method navigator-link" panel-name="suite-Suite" title="com.testcases.driverscripts.Execute_MainScript" hash-for-method="ExecuteTest(ALL_PAGES, END_TO_END, TC13_Verify_Search_Dimensions, Search results should appear
Dimensions appear...)">ExecuteTest(ALL_PAGES, END_TO_END, TC13_Verify_Search_Dimensions, Search results should appear
Dimensions appear...)</a> <!-- method navigator-link -->
                      </span>
                      <br/>
                      <span>
                        <img width="3%" src="passed.png"/>
                        <a href="#" class="method navigator-link" panel-name="suite-Suite" title="com.testcases.driverscripts.Execute_MainScript" hash-for-method="ExecuteTest(ALL_PAGES, END_TO_END, TC07_SearchCategory, User should be directed to category page, Yes, High)">ExecuteTest(ALL_PAGES, END_TO_END, TC07_SearchCategory, User should be directed to category page, Yes, High)</a> <!-- method navigator-link -->
                      </span>
                      <br/>
                      <span>
                        <img width="3%" src="passed.png"/>
                        <a href="#" class="method navigator-link" panel-name="suite-Suite" title="com.testcases.driverscripts.Execute_MainScript" hash-for-method="ExecuteTest(ALL_PAGES, END_TO_END, TC19_Verify_ShippingMethod, Shipping method page should display, Yes, High)">ExecuteTest(ALL_PAGES, END_TO_END, TC19_Verify_ShippingMethod, Shipping method page should display, Yes, High)</a> <!-- method navigator-link -->
                      </span>
                      <br/>
                      <span>
                        <img width="3%" src="passed.png"/>
                        <a href="#" class="method navigator-link" panel-name="suite-Suite" title="com.testcases.driverscripts.Execute_MainScript" hash-for-method="ExecuteTest(ALL_PAGES, END_TO_END, TC15_Verify_ViewFullCart, 1. Cart should display
2. All items in cart must ha...)">ExecuteTest(ALL_PAGES, END_TO_END, TC15_Verify_ViewFullCart, 1. Cart should display
2. All items in cart must ha...)</a> <!-- method navigator-link -->
                      </span>
                      <br/>
                      <span>
                        <img width="3%" src="passed.png"/>
                        <a href="#" class="method navigator-link" panel-name="suite-Suite" title="com.testcases.driverscripts.Execute_MainScript" hash-for-method="ExecuteTest(ALL_PAGES, END_TO_END, TC02_Verify_MYACC, Verify Myaccounts Section for Managed User, Yes, High)">ExecuteTest(ALL_PAGES, END_TO_END, TC02_Verify_MYACC, Verify Myaccounts Section for Managed User, Yes, High)</a> <!-- method navigator-link -->
                      </span>
                      <br/>
                      <span>
                        <img width="3%" src="passed.png"/>
                        <a href="#" class="method navigator-link" panel-name="suite-Suite" title="com.testcases.driverscripts.Execute_MainScript" hash-for-method="ExecuteTest(ALL_PAGES, END_TO_END, TC17_Verify_CheckoutButton, Items  and price must update, Yes, High)">ExecuteTest(ALL_PAGES, END_TO_END, TC17_Verify_CheckoutButton, Items  and price must update, Yes, High)</a> <!-- method navigator-link -->
                      </span>
                      <br/>
                      <span>
                        <img width="3%" src="passed.png"/>
                        <a href="#" class="method navigator-link" panel-name="suite-Suite" title="com.testcases.driverscripts.Execute_MainScript" hash-for-method="ExecuteTest(ALL_PAGES, END_TO_END, TC16_Update_Quantity_CartPage, Items  and price must update, Yes, High)">ExecuteTest(ALL_PAGES, END_TO_END, TC16_Update_Quantity_CartPage, Items  and price must update, Yes, High)</a> <!-- method navigator-link -->
                      </span>
                      <br/>
                      <span>
                        <img width="3%" src="passed.png"/>
                        <a href="#" class="method navigator-link" panel-name="suite-Suite" title="com.testcases.driverscripts.Execute_MainScript" hash-for-method="ExecuteTest(ALL_PAGES, END_TO_END, TC10_Verify_Search_results, Search results must display, Yes, High)">ExecuteTest(ALL_PAGES, END_TO_END, TC10_Verify_Search_results, Search results must display, Yes, High)</a> <!-- method navigator-link -->
                      </span>
                      <br/>
                      <span>
                        <img width="3%" src="passed.png"/>
                        <a href="#" class="method navigator-link" panel-name="suite-Suite" title="com.testcases.driverscripts.Execute_MainScript" hash-for-method="ExecuteTest(ALL_PAGES, END_TO_END, TC26_Verify_Clear_Cart, All the items must be removed from the cart, Yes, Hig...)">ExecuteTest(ALL_PAGES, END_TO_END, TC26_Verify_Clear_Cart, All the items must be removed from the cart, Yes, Hig...)</a> <!-- method navigator-link -->
                      </span>
                      <br/>
                      <span>
                        <img width="3%" src="passed.png"/>
                        <a href="#" class="method navigator-link" panel-name="suite-Suite" title="com.testcases.driverscripts.Execute_MainScript" hash-for-method="ExecuteTest(ALL_PAGES, END_TO_END, TC02_Verify_MYACC_RegisteredUser, Verify Myaccounts Section for Registered Us...)">ExecuteTest(ALL_PAGES, END_TO_END, TC02_Verify_MYACC_RegisteredUser, Verify Myaccounts Section for Registered Us...)</a> <!-- method navigator-link -->
                      </span>
                      <br/>
                      <span>
                        <img width="3%" src="passed.png"/>
                        <a href="#" class="method navigator-link" panel-name="suite-Suite" title="com.testcases.driverscripts.Execute_MainScript" hash-for-method="ExecuteTest(ALL_PAGES, END_TO_END, TC6_SearchResults_Typeahead, 1. when user typing, type ahead should work
2. U...)">ExecuteTest(ALL_PAGES, END_TO_END, TC6_SearchResults_Typeahead, 1. when user typing, type ahead should work
2. U...)</a> <!-- method navigator-link -->
                      </span>
                      <br/>
                    </div> <!-- method-list-content passed suite-Suite -->
                  </li>
                </ul>
              </div> <!-- suite-section-content -->
            </div> <!-- result-section -->
          </div> <!-- navigator-suite-content -->
        </div> <!-- rounded-window -->
      </div> <!-- suite -->
    </div> <!-- navigator-root -->
    <div class="wrapper">
      <div class="main-panel-root">
        <div panel-name="suite-Suite" class="panel Suite">
          <div class="suite-Suite-class-failed">
            <div class="main-panel-header rounded-window-top">
              <img src="failed.png"/>
              <span class="class-name">com.testcases.driverscripts.Execute_MainScript</span>
            </div> <!-- main-panel-header rounded-window-top -->
            <div class="main-panel-content rounded-window-bottom">
              <div class="method">
                <div class="method-content">
                  <a name="ExecuteTest(ALL_PAGES, END_TO_END, TC31_Verify_login, User should be able to login successfully, Yes, High)">
                  </a> <!-- ExecuteTest(ALL_PAGES, END_TO_END, TC31_Verify_login, User should be able to login successfully, Yes, High) -->
                  <span class="method-name">ExecuteTest</span>
                  <span class="parameters">(ALL_PAGES, END_TO_END, TC31_Verify_login, User should be able to login successfully, Yes, High)</span>
                  <div class="stack-trace">java.lang.AssertionError: NOT able to find element within given time frame...!!! Element name: &apos;Uname1.
	at com.operations.Common.FireClass.FailedTCOperation(FireClass.java:84)
	at com.testcases.driverscripts.Execute_MainScript.ExecuteTest(Execute_MainScript.java:365)
... Removed 24 stack frames
</div> <!-- stack-trace -->
                </div> <!-- method-content -->
              </div> <!-- method -->
              <div class="method">
                <div class="method-content">
                  <a name="ExecuteTest(ALL_PAGES, END_TO_END, TC40_Adding_MultipleItems_QuickOrder, 1. more than 10 Items should be added t...)">
                  </a> <!-- ExecuteTest(ALL_PAGES, END_TO_END, TC40_Adding_MultipleItems_QuickOrder, 1. more than 10 Items should be added t...) -->
                  <span class="method-name">ExecuteTest</span>
                  <span class="parameters">(ALL_PAGES, END_TO_END, TC40_Adding_MultipleItems_QuickOrder, 1. more than 10 Items should be added to cart
2. Appropriate inventory message must be displayed, Yes, High)</span>
                  <div class="stack-trace">java.lang.AssertionError: NOT able to find element within given time frame...!!! Element name: &apos;Uname1.
	at com.operations.Common.FireClass.FailedTCOperation(FireClass.java:84)
	at com.testcases.driverscripts.Execute_MainScript.ExecuteTest(Execute_MainScript.java:365)
... Removed 24 stack frames
</div> <!-- stack-trace -->
                </div> <!-- method-content -->
              </div> <!-- method -->
              <div class="method">
                <div class="method-content">
                  <a name="ExecuteTest(ALL_PAGES, END_TO_END, TC27_Verify_Store_room, Products must be added to store room successfully, Ye...)">
                  </a> <!-- ExecuteTest(ALL_PAGES, END_TO_END, TC27_Verify_Store_room, Products must be added to store room successfully, Ye...) -->
                  <span class="method-name">ExecuteTest</span>
                  <span class="parameters">(ALL_PAGES, END_TO_END, TC27_Verify_Store_room, Products must be added to store room successfully, Yes, High)</span>
                  <div class="stack-trace">java.lang.AssertionError: NOT able to find element within given time frame...!!! Element name: &apos;Uname1.
	at com.operations.Common.FireClass.FailedTCOperation(FireClass.java:84)
	at com.testcases.driverscripts.Execute_MainScript.ExecuteTest(Execute_MainScript.java:365)
... Removed 24 stack frames
</div> <!-- stack-trace -->
                </div> <!-- method-content -->
              </div> <!-- method -->
              <div class="method">
                <div class="method-content">
                  <a name="ExecuteTest(ALL_PAGES, END_TO_END, TC23_Verify_UserRegistration, Verify New registration, Yes, High)">
                  </a> <!-- ExecuteTest(ALL_PAGES, END_TO_END, TC23_Verify_UserRegistration, Verify New registration, Yes, High) -->
                  <span class="method-name">ExecuteTest</span>
                  <span class="parameters">(ALL_PAGES, END_TO_END, TC23_Verify_UserRegistration, Verify New registration, Yes, High)</span>
                  <div class="stack-trace">java.lang.AssertionError: NOT able to find element within given time frame...!!! Element name: &apos;RegisterButton.
	at com.operations.Common.FireClass.FailedTCOperation(FireClass.java:84)
	at com.testcases.driverscripts.Execute_MainScript.ExecuteTest(Execute_MainScript.java:365)
... Removed 24 stack frames
</div> <!-- stack-trace -->
                </div> <!-- method-content -->
              </div> <!-- method -->
              <div class="method">
                <div class="method-content">
                  <a name="ExecuteTest(ALL_PAGES, END_TO_END, TC24_Verify_PlaceOrder_LoggedIn, Order should be placed successfully, Yes, Hi...)">
                  </a> <!-- ExecuteTest(ALL_PAGES, END_TO_END, TC24_Verify_PlaceOrder_LoggedIn, Order should be placed successfully, Yes, Hi...) -->
                  <span class="method-name">ExecuteTest</span>
                  <span class="parameters">(ALL_PAGES, END_TO_END, TC24_Verify_PlaceOrder_LoggedIn, Order should be placed successfully, Yes, High)</span>
                  <div class="stack-trace">java.lang.AssertionError: NOT able to find element within given time frame...!!! Element name: &apos;Uname1.
	at com.operations.Common.FireClass.FailedTCOperation(FireClass.java:84)
	at com.testcases.driverscripts.Execute_MainScript.ExecuteTest(Execute_MainScript.java:365)
... Removed 24 stack frames
</div> <!-- stack-trace -->
                </div> <!-- method-content -->
              </div> <!-- method -->
              <div class="method">
                <div class="method-content">
                  <a name="ExecuteTest(ALL_PAGES, END_TO_END, TC32_Verify_store_location, 1. Go to site and then go to store location page
...)">
                  </a> <!-- ExecuteTest(ALL_PAGES, END_TO_END, TC32_Verify_store_location, 1. Go to site and then go to store location page
...) -->
                  <span class="method-name">ExecuteTest</span>
                  <span class="parameters">(ALL_PAGES, END_TO_END, TC32_Verify_store_location, 1. Go to site and then go to store location page
2. Search for store
3. Verify the displayed results, Yes, High)</span>
                  <div class="stack-trace">java.lang.AssertionError: NOT able to find element within given time frame...!!! Element name: &apos;Uname1.
	at com.operations.Common.FireClass.FailedTCOperation(FireClass.java:84)
	at com.testcases.driverscripts.Execute_MainScript.ExecuteTest(Execute_MainScript.java:365)
... Removed 24 stack frames
</div> <!-- stack-trace -->
                </div> <!-- method-content -->
              </div> <!-- method -->
            </div> <!-- main-panel-content rounded-window-bottom -->
          </div> <!-- suite-Suite-class-failed -->
          <div class="suite-Suite-class-skipped">
            <div class="main-panel-header rounded-window-top">
              <img src="skipped.png"/>
              <span class="class-name">com.testcases.driverscripts.Execute_MainScript</span>
            </div> <!-- main-panel-header rounded-window-top -->
            <div class="main-panel-content rounded-window-bottom">
              <div class="method">
                <div class="method-content">
                  <a name="ExecuteTest(ALL_PAGES, END_TO_END, TC29_VerifyALL_Links_Myaccount, All the pages must be displayed, no, High)">
                  </a> <!-- ExecuteTest(ALL_PAGES, END_TO_END, TC29_VerifyALL_Links_Myaccount, All the pages must be displayed, no, High) -->
                  <span class="method-name">ExecuteTest</span>
                  <span class="parameters">(ALL_PAGES, END_TO_END, TC29_VerifyALL_Links_Myaccount, All the pages must be displayed, no, High)</span>
                  <div class="stack-trace">org.testng.SkipException: TC29_VerifyALL_Links_Myaccount has been skipped..
	at com.testcases.driverscripts.Execute_MainScript.ExecuteTest(Execute_MainScript.java:398)
... Removed 23 stack frames
</div> <!-- stack-trace -->
                </div> <!-- method-content -->
              </div> <!-- method -->
              <div class="method">
                <div class="method-content">
                  <a name="ExecuteTest(ALL_PAGES, END_TO_END, TC28_Verify_PunchOut_User, Verify Behaviour for PunchOut User, No, High)">
                  </a> <!-- ExecuteTest(ALL_PAGES, END_TO_END, TC28_Verify_PunchOut_User, Verify Behaviour for PunchOut User, No, High) -->
                  <span class="method-name">ExecuteTest</span>
                  <span class="parameters">(ALL_PAGES, END_TO_END, TC28_Verify_PunchOut_User, Verify Behaviour for PunchOut User, No, High)</span>
                  <div class="stack-trace">org.testng.SkipException: TC28_Verify_PunchOut_User has been skipped..
	at com.testcases.driverscripts.Execute_MainScript.ExecuteTest(Execute_MainScript.java:398)
... Removed 23 stack frames
</div> <!-- stack-trace -->
                </div> <!-- method-content -->
              </div> <!-- method -->
            </div> <!-- main-panel-content rounded-window-bottom -->
          </div> <!-- suite-Suite-class-skipped -->
          <div class="suite-Suite-class-passed">
            <div class="main-panel-header rounded-window-top">
              <img src="passed.png"/>
              <span class="class-name">com.testcases.driverscripts.Execute_MainScript</span>
            </div> <!-- main-panel-header rounded-window-top -->
            <div class="main-panel-content rounded-window-bottom">
              <div class="method">
                <div class="method-content">
                  <a name="ExecuteTest(ALL_PAGES, END_TO_END, TC30_Search_Typeahead, Type ahead must be displayed, Yes, High)">
                  </a> <!-- ExecuteTest(ALL_PAGES, END_TO_END, TC30_Search_Typeahead, Type ahead must be displayed, Yes, High) -->
                  <span class="method-name">ExecuteTest</span>
                  <span class="parameters">(ALL_PAGES, END_TO_END, TC30_Search_Typeahead, Type ahead must be displayed, Yes, High)</span>
                </div> <!-- method-content -->
              </div> <!-- method -->
              <div class="method">
                <div class="method-content">
                  <a name="ExecuteTest(ALL_PAGES, END_TO_END, TC01_Verify_HomePage, View store home, Yes, High)">
                  </a> <!-- ExecuteTest(ALL_PAGES, END_TO_END, TC01_Verify_HomePage, View store home, Yes, High) -->
                  <span class="method-name">ExecuteTest</span>
                  <span class="parameters">(ALL_PAGES, END_TO_END, TC01_Verify_HomePage, View store home, Yes, High)</span>
                </div> <!-- method-content -->
              </div> <!-- method -->
              <div class="method">
                <div class="method-content">
                  <a name="ExecuteTest(ALL_PAGES, END_TO_END, TC18_Verify_ShippingPage, Shipping page must appear, Yes, High)">
                  </a> <!-- ExecuteTest(ALL_PAGES, END_TO_END, TC18_Verify_ShippingPage, Shipping page must appear, Yes, High) -->
                  <span class="method-name">ExecuteTest</span>
                  <span class="parameters">(ALL_PAGES, END_TO_END, TC18_Verify_ShippingPage, Shipping page must appear, Yes, High)</span>
                </div> <!-- method-content -->
              </div> <!-- method -->
              <div class="method">
                <div class="method-content">
                  <a name="ExecuteTest(ALL_PAGES, END_TO_END, TC09_Verify_Documented_Savings, Article should display, Yes, High)">
                  </a> <!-- ExecuteTest(ALL_PAGES, END_TO_END, TC09_Verify_Documented_Savings, Article should display, Yes, High) -->
                  <span class="method-name">ExecuteTest</span>
                  <span class="parameters">(ALL_PAGES, END_TO_END, TC09_Verify_Documented_Savings, Article should display, Yes, High)</span>
                </div> <!-- method-content -->
              </div> <!-- method -->
              <div class="method">
                <div class="method-content">
                  <a name="ExecuteTest(ALL_PAGES, END_TO_END, TC14_Verify_AddToCart_from_Search, Item should be added to cart, Yes, High)">
                  </a> <!-- ExecuteTest(ALL_PAGES, END_TO_END, TC14_Verify_AddToCart_from_Search, Item should be added to cart, Yes, High) -->
                  <span class="method-name">ExecuteTest</span>
                  <span class="parameters">(ALL_PAGES, END_TO_END, TC14_Verify_AddToCart_from_Search, Item should be added to cart, Yes, High)</span>
                </div> <!-- method-content -->
              </div> <!-- method -->
              <div class="method">
                <div class="method-content">
                  <a name="ExecuteTest(ALL_PAGES, END_TO_END, TC03_Verify_BLP_Solutions_ContactUS, 1. Go to home page
2. Verify brands, sol...)">
                  </a> <!-- ExecuteTest(ALL_PAGES, END_TO_END, TC03_Verify_BLP_Solutions_ContactUS, 1. Go to home page
2. Verify brands, sol...) -->
                  <span class="method-name">ExecuteTest</span>
                  <span class="parameters">(ALL_PAGES, END_TO_END, TC03_Verify_BLP_Solutions_ContactUS, 1. Go to home page
2. Verify brands, solutions, resources, contact and about us pages, Search filed and quick order link, Yes, High)</span>
                </div> <!-- method-content -->
              </div> <!-- method -->
              <div class="method">
                <div class="method-content">
                  <a name="ExecuteTest(ALL_PAGES, END_TO_END, TC05_Search_product_in_Catalog, Search product in Catalog , Yes, High)">
                  </a> <!-- ExecuteTest(ALL_PAGES, END_TO_END, TC05_Search_product_in_Catalog, Search product in Catalog , Yes, High) -->
                  <span class="method-name">ExecuteTest</span>
                  <span class="parameters">(ALL_PAGES, END_TO_END, TC05_Search_product_in_Catalog, Search product in Catalog , Yes, High)</span>
                </div> <!-- method-content -->
              </div> <!-- method -->
              <div class="method">
                <div class="method-content">
                  <a name="ExecuteTest(ALL_PAGES, END_TO_END, TC12_Verify_AddToCart_from_PDP, 1. Item should be added to cart
2. Appropriat...)">
                  </a> <!-- ExecuteTest(ALL_PAGES, END_TO_END, TC12_Verify_AddToCart_from_PDP, 1. Item should be added to cart
2. Appropriat...) -->
                  <span class="method-name">ExecuteTest</span>
                  <span class="parameters">(ALL_PAGES, END_TO_END, TC12_Verify_AddToCart_from_PDP, 1. Item should be added to cart
2. Appropriate inventory message must be displayed, Yes, High)</span>
                </div> <!-- method-content -->
              </div> <!-- method -->
              <div class="method">
                <div class="method-content">
                  <a name="ExecuteTest(ALL_PAGES, END_TO_END, TC04_Search_product_not_in_Catalog, Search product not in Catalog , Yes, High)">
                  </a> <!-- ExecuteTest(ALL_PAGES, END_TO_END, TC04_Search_product_not_in_Catalog, Search product not in Catalog , Yes, High) -->
                  <span class="method-name">ExecuteTest</span>
                  <span class="parameters">(ALL_PAGES, END_TO_END, TC04_Search_product_not_in_Catalog, Search product not in Catalog , Yes, High)</span>
                </div> <!-- method-content -->
              </div> <!-- method -->
              <div class="method">
                <div class="method-content">
                  <a name="ExecuteTest(ALL_PAGES, END_TO_END, TC22_Verify_PlaceOrder, Order should be placed successfully, Yes, High)">
                  </a> <!-- ExecuteTest(ALL_PAGES, END_TO_END, TC22_Verify_PlaceOrder, Order should be placed successfully, Yes, High) -->
                  <span class="method-name">ExecuteTest</span>
                  <span class="parameters">(ALL_PAGES, END_TO_END, TC22_Verify_PlaceOrder, Order should be placed successfully, Yes, High)</span>
                </div> <!-- method-content -->
              </div> <!-- method -->
              <div class="method">
                <div class="method-content">
                  <a name="ExecuteTest(ALL_PAGES, END_TO_END, TC08_VerifyProductListPLP, Should display products list, Yes, High)">
                  </a> <!-- ExecuteTest(ALL_PAGES, END_TO_END, TC08_VerifyProductListPLP, Should display products list, Yes, High) -->
                  <span class="method-name">ExecuteTest</span>
                  <span class="parameters">(ALL_PAGES, END_TO_END, TC08_VerifyProductListPLP, Should display products list, Yes, High)</span>
                </div> <!-- method-content -->
              </div> <!-- method -->
              <div class="method">
                <div class="method-content">
                  <a name="ExecuteTest(ALL_PAGES, END_TO_END, TC11_Verify_PDP_From_Search_results, PDP should display, Yes, High)">
                  </a> <!-- ExecuteTest(ALL_PAGES, END_TO_END, TC11_Verify_PDP_From_Search_results, PDP should display, Yes, High) -->
                  <span class="method-name">ExecuteTest</span>
                  <span class="parameters">(ALL_PAGES, END_TO_END, TC11_Verify_PDP_From_Search_results, PDP should display, Yes, High)</span>
                </div> <!-- method-content -->
              </div> <!-- method -->
              <div class="method">
                <div class="method-content">
                  <a name="ExecuteTest(ALL_PAGES, END_TO_END, TC20_21_Verify_BillingPage, 1. Billing page should appear
2. User should be a...)">
                  </a> <!-- ExecuteTest(ALL_PAGES, END_TO_END, TC20_21_Verify_BillingPage, 1. Billing page should appear
2. User should be a...) -->
                  <span class="method-name">ExecuteTest</span>
                  <span class="parameters">(ALL_PAGES, END_TO_END, TC20_21_Verify_BillingPage, 1. Billing page should appear
2. User should be able to add credit card successfully
3.User must be navigated to final check out page, Yes, High)</span>
                </div> <!-- method-content -->
              </div> <!-- method -->
              <div class="method">
                <div class="method-content">
                  <a name="ExecuteTest(ALL_PAGES, END_TO_END, TC13_Verify_Search_Dimensions, Search results should appear
Dimensions appear...)">
                  </a> <!-- ExecuteTest(ALL_PAGES, END_TO_END, TC13_Verify_Search_Dimensions, Search results should appear
Dimensions appear...) -->
                  <span class="method-name">ExecuteTest</span>
                  <span class="parameters">(ALL_PAGES, END_TO_END, TC13_Verify_Search_Dimensions, Search results should appear
Dimensions appear on left, Yes, High)</span>
                </div> <!-- method-content -->
              </div> <!-- method -->
              <div class="method">
                <div class="method-content">
                  <a name="ExecuteTest(ALL_PAGES, END_TO_END, TC07_SearchCategory, User should be directed to category page, Yes, High)">
                  </a> <!-- ExecuteTest(ALL_PAGES, END_TO_END, TC07_SearchCategory, User should be directed to category page, Yes, High) -->
                  <span class="method-name">ExecuteTest</span>
                  <span class="parameters">(ALL_PAGES, END_TO_END, TC07_SearchCategory, User should be directed to category page, Yes, High)</span>
                </div> <!-- method-content -->
              </div> <!-- method -->
              <div class="method">
                <div class="method-content">
                  <a name="ExecuteTest(ALL_PAGES, END_TO_END, TC19_Verify_ShippingMethod, Shipping method page should display, Yes, High)">
                  </a> <!-- ExecuteTest(ALL_PAGES, END_TO_END, TC19_Verify_ShippingMethod, Shipping method page should display, Yes, High) -->
                  <span class="method-name">ExecuteTest</span>
                  <span class="parameters">(ALL_PAGES, END_TO_END, TC19_Verify_ShippingMethod, Shipping method page should display, Yes, High)</span>
                </div> <!-- method-content -->
              </div> <!-- method -->
              <div class="method">
                <div class="method-content">
                  <a name="ExecuteTest(ALL_PAGES, END_TO_END, TC15_Verify_ViewFullCart, 1. Cart should display
2. All items in cart must ha...)">
                  </a> <!-- ExecuteTest(ALL_PAGES, END_TO_END, TC15_Verify_ViewFullCart, 1. Cart should display
2. All items in cart must ha...) -->
                  <span class="method-name">ExecuteTest</span>
                  <span class="parameters">(ALL_PAGES, END_TO_END, TC15_Verify_ViewFullCart, 1. Cart should display
2. All items in cart must have pricing, Yes, High)</span>
                </div> <!-- method-content -->
              </div> <!-- method -->
              <div class="method">
                <div class="method-content">
                  <a name="ExecuteTest(ALL_PAGES, END_TO_END, TC02_Verify_MYACC, Verify Myaccounts Section for Managed User, Yes, High)">
                  </a> <!-- ExecuteTest(ALL_PAGES, END_TO_END, TC02_Verify_MYACC, Verify Myaccounts Section for Managed User, Yes, High) -->
                  <span class="method-name">ExecuteTest</span>
                  <span class="parameters">(ALL_PAGES, END_TO_END, TC02_Verify_MYACC, Verify Myaccounts Section for Managed User, Yes, High)</span>
                </div> <!-- method-content -->
              </div> <!-- method -->
              <div class="method">
                <div class="method-content">
                  <a name="ExecuteTest(ALL_PAGES, END_TO_END, TC17_Verify_CheckoutButton, Items  and price must update, Yes, High)">
                  </a> <!-- ExecuteTest(ALL_PAGES, END_TO_END, TC17_Verify_CheckoutButton, Items  and price must update, Yes, High) -->
                  <span class="method-name">ExecuteTest</span>
                  <span class="parameters">(ALL_PAGES, END_TO_END, TC17_Verify_CheckoutButton, Items  and price must update, Yes, High)</span>
                </div> <!-- method-content -->
              </div> <!-- method -->
              <div class="method">
                <div class="method-content">
                  <a name="ExecuteTest(ALL_PAGES, END_TO_END, TC16_Update_Quantity_CartPage, Items  and price must update, Yes, High)">
                  </a> <!-- ExecuteTest(ALL_PAGES, END_TO_END, TC16_Update_Quantity_CartPage, Items  and price must update, Yes, High) -->
                  <span class="method-name">ExecuteTest</span>
                  <span class="parameters">(ALL_PAGES, END_TO_END, TC16_Update_Quantity_CartPage, Items  and price must update, Yes, High)</span>
                </div> <!-- method-content -->
              </div> <!-- method -->
              <div class="method">
                <div class="method-content">
                  <a name="ExecuteTest(ALL_PAGES, END_TO_END, TC10_Verify_Search_results, Search results must display, Yes, High)">
                  </a> <!-- ExecuteTest(ALL_PAGES, END_TO_END, TC10_Verify_Search_results, Search results must display, Yes, High) -->
                  <span class="method-name">ExecuteTest</span>
                  <span class="parameters">(ALL_PAGES, END_TO_END, TC10_Verify_Search_results, Search results must display, Yes, High)</span>
                </div> <!-- method-content -->
              </div> <!-- method -->
              <div class="method">
                <div class="method-content">
                  <a name="ExecuteTest(ALL_PAGES, END_TO_END, TC26_Verify_Clear_Cart, All the items must be removed from the cart, Yes, Hig...)">
                  </a> <!-- ExecuteTest(ALL_PAGES, END_TO_END, TC26_Verify_Clear_Cart, All the items must be removed from the cart, Yes, Hig...) -->
                  <span class="method-name">ExecuteTest</span>
                  <span class="parameters">(ALL_PAGES, END_TO_END, TC26_Verify_Clear_Cart, All the items must be removed from the cart, Yes, High)</span>
                </div> <!-- method-content -->
              </div> <!-- method -->
              <div class="method">
                <div class="method-content">
                  <a name="ExecuteTest(ALL_PAGES, END_TO_END, TC02_Verify_MYACC_RegisteredUser, Verify Myaccounts Section for Registered Us...)">
                  </a> <!-- ExecuteTest(ALL_PAGES, END_TO_END, TC02_Verify_MYACC_RegisteredUser, Verify Myaccounts Section for Registered Us...) -->
                  <span class="method-name">ExecuteTest</span>
                  <span class="parameters">(ALL_PAGES, END_TO_END, TC02_Verify_MYACC_RegisteredUser, Verify Myaccounts Section for Registered User, Yes, High)</span>
                </div> <!-- method-content -->
              </div> <!-- method -->
              <div class="method">
                <div class="method-content">
                  <a name="ExecuteTest(ALL_PAGES, END_TO_END, TC6_SearchResults_Typeahead, 1. when user typing, type ahead should work
2. U...)">
                  </a> <!-- ExecuteTest(ALL_PAGES, END_TO_END, TC6_SearchResults_Typeahead, 1. when user typing, type ahead should work
2. U...) -->
                  <span class="method-name">ExecuteTest</span>
                  <span class="parameters">(ALL_PAGES, END_TO_END, TC6_SearchResults_Typeahead, 1. when user typing, type ahead should work
2. User should be directed to search results list
3. Dimensions should appear on left, Yes, High)</span>
                </div> <!-- method-content -->
              </div> <!-- method -->
            </div> <!-- main-panel-content rounded-window-bottom -->
          </div> <!-- suite-Suite-class-passed -->
        </div> <!-- panel Suite -->
        <div panel-name="test-xml-Suite" class="panel">
          <div class="main-panel-header rounded-window-top">
            <span class="header-content">D:\ROhit\Rohit\Automation\Demo\Kaman_ECTEST_Sanity\TestRun.xml</span>
          </div> <!-- main-panel-header rounded-window-top -->
          <div class="main-panel-content rounded-window-bottom">
            <pre>
&lt;?xml version=&quot;1.0&quot; encoding=&quot;UTF-8&quot;?&gt;
&lt;!DOCTYPE suite SYSTEM &quot;http://testng.org/testng-1.0.dtd&quot;&gt;
&lt;suite guice-stage=&quot;DEVELOPMENT&quot; name=&quot;Suite&quot;&gt;
  &lt;test name=&quot;Chrome_test&quot;&gt;
    &lt;parameter name=&quot;DeviceScrWidth&quot; value=&quot;375&quot;/&gt;
    &lt;parameter name=&quot;Device&quot; value=&quot;iphone X&quot;/&gt;
    &lt;parameter name=&quot;browser&quot; value=&quot;IE&quot;/&gt;
    &lt;parameter name=&quot;Channel&quot; value=&quot;Desktop&quot;/&gt;
    &lt;parameter name=&quot;DeviceScrHeight&quot; value=&quot;812&quot;/&gt;
    &lt;classes&gt;
      &lt;class name=&quot;com.testcases.driverscripts.Execute_MainScript&quot;/&gt;
    &lt;/classes&gt;
  &lt;/test&gt; &lt;!-- Chrome_test --&gt;
&lt;/suite&gt; &lt;!-- Suite --&gt;
            </pre>
          </div> <!-- main-panel-content rounded-window-bottom -->
        </div> <!-- panel -->
        <div panel-name="testlist-Suite" class="panel">
          <div class="main-panel-header rounded-window-top">
            <span class="header-content">Tests for Suite</span>
          </div> <!-- main-panel-header rounded-window-top -->
          <div class="main-panel-content rounded-window-bottom">
            <ul>
              <li>
                <span class="test-name">Chrome_test (1 class)</span>
              </li>
            </ul>
          </div> <!-- main-panel-content rounded-window-bottom -->
        </div> <!-- panel -->
        <div panel-name="group-Suite" class="panel">
          <div class="main-panel-header rounded-window-top">
            <span class="header-content">Groups for Suite</span>
          </div> <!-- main-panel-header rounded-window-top -->
          <div class="main-panel-content rounded-window-bottom">
          </div> <!-- main-panel-content rounded-window-bottom -->
        </div> <!-- panel -->
        <div panel-name="times-Suite" class="panel">
          <div class="main-panel-header rounded-window-top">
            <span class="header-content">Times for Suite</span>
          </div> <!-- main-panel-header rounded-window-top -->
          <div class="main-panel-content rounded-window-bottom">
            <div class="times-div">
              <script type="text/javascript">
suiteTableInitFunctions.push('tableData_Suite');
function tableData_Suite() {
var data = new google.visualization.DataTable();
data.addColumn('number', 'Number');
data.addColumn('string', 'Method');
data.addColumn('string', 'Class');
data.addColumn('number', 'Time (ms)');
data.addRows(32);
data.setCell(0, 0, 0)
data.setCell(0, 1, 'ExecuteTest')
data.setCell(0, 2, 'com.testcases.driverscripts.Execute_MainScript')
data.setCell(0, 3, 260510);
data.setCell(1, 0, 1)
data.setCell(1, 1, 'ExecuteTest')
data.setCell(1, 2, 'com.testcases.driverscripts.Execute_MainScript')
data.setCell(1, 3, 203140);
data.setCell(2, 0, 2)
data.setCell(2, 1, 'ExecuteTest')
data.setCell(2, 2, 'com.testcases.driverscripts.Execute_MainScript')
data.setCell(2, 3, 162104);
data.setCell(3, 0, 3)
data.setCell(3, 1, 'ExecuteTest')
data.setCell(3, 2, 'com.testcases.driverscripts.Execute_MainScript')
data.setCell(3, 3, 160198);
data.setCell(4, 0, 4)
data.setCell(4, 1, 'ExecuteTest')
data.setCell(4, 2, 'com.testcases.driverscripts.Execute_MainScript')
data.setCell(4, 3, 148883);
data.setCell(5, 0, 5)
data.setCell(5, 1, 'ExecuteTest')
data.setCell(5, 2, 'com.testcases.driverscripts.Execute_MainScript')
data.setCell(5, 3, 123768);
data.setCell(6, 0, 6)
data.setCell(6, 1, 'ExecuteTest')
data.setCell(6, 2, 'com.testcases.driverscripts.Execute_MainScript')
data.setCell(6, 3, 119721);
data.setCell(7, 0, 7)
data.setCell(7, 1, 'ExecuteTest')
data.setCell(7, 2, 'com.testcases.driverscripts.Execute_MainScript')
data.setCell(7, 3, 116348);
data.setCell(8, 0, 8)
data.setCell(8, 1, 'ExecuteTest')
data.setCell(8, 2, 'com.testcases.driverscripts.Execute_MainScript')
data.setCell(8, 3, 91329);
data.setCell(9, 0, 9)
data.setCell(9, 1, 'ExecuteTest')
data.setCell(9, 2, 'com.testcases.driverscripts.Execute_MainScript')
data.setCell(9, 3, 84776);
data.setCell(10, 0, 10)
data.setCell(10, 1, 'ExecuteTest')
data.setCell(10, 2, 'com.testcases.driverscripts.Execute_MainScript')
data.setCell(10, 3, 60059);
data.setCell(11, 0, 11)
data.setCell(11, 1, 'ExecuteTest')
data.setCell(11, 2, 'com.testcases.driverscripts.Execute_MainScript')
data.setCell(11, 3, 52246);
data.setCell(12, 0, 12)
data.setCell(12, 1, 'ExecuteTest')
data.setCell(12, 2, 'com.testcases.driverscripts.Execute_MainScript')
data.setCell(12, 3, 47333);
data.setCell(13, 0, 13)
data.setCell(13, 1, 'ExecuteTest')
data.setCell(13, 2, 'com.testcases.driverscripts.Execute_MainScript')
data.setCell(13, 3, 42140);
data.setCell(14, 0, 14)
data.setCell(14, 1, 'ExecuteTest')
data.setCell(14, 2, 'com.testcases.driverscripts.Execute_MainScript')
data.setCell(14, 3, 41881);
data.setCell(15, 0, 15)
data.setCell(15, 1, 'ExecuteTest')
data.setCell(15, 2, 'com.testcases.driverscripts.Execute_MainScript')
data.setCell(15, 3, 36468);
data.setCell(16, 0, 16)
data.setCell(16, 1, 'ExecuteTest')
data.setCell(16, 2, 'com.testcases.driverscripts.Execute_MainScript')
data.setCell(16, 3, 34680);
data.setCell(17, 0, 17)
data.setCell(17, 1, 'ExecuteTest')
data.setCell(17, 2, 'com.testcases.driverscripts.Execute_MainScript')
data.setCell(17, 3, 34128);
data.setCell(18, 0, 18)
data.setCell(18, 1, 'ExecuteTest')
data.setCell(18, 2, 'com.testcases.driverscripts.Execute_MainScript')
data.setCell(18, 3, 32359);
data.setCell(19, 0, 19)
data.setCell(19, 1, 'ExecuteTest')
data.setCell(19, 2, 'com.testcases.driverscripts.Execute_MainScript')
data.setCell(19, 3, 32176);
data.setCell(20, 0, 20)
data.setCell(20, 1, 'ExecuteTest')
data.setCell(20, 2, 'com.testcases.driverscripts.Execute_MainScript')
data.setCell(20, 3, 31828);
data.setCell(21, 0, 21)
data.setCell(21, 1, 'ExecuteTest')
data.setCell(21, 2, 'com.testcases.driverscripts.Execute_MainScript')
data.setCell(21, 3, 31289);
data.setCell(22, 0, 22)
data.setCell(22, 1, 'ExecuteTest')
data.setCell(22, 2, 'com.testcases.driverscripts.Execute_MainScript')
data.setCell(22, 3, 29069);
data.setCell(23, 0, 23)
data.setCell(23, 1, 'ExecuteTest')
data.setCell(23, 2, 'com.testcases.driverscripts.Execute_MainScript')
data.setCell(23, 3, 27347);
data.setCell(24, 0, 24)
data.setCell(24, 1, 'ExecuteTest')
data.setCell(24, 2, 'com.testcases.driverscripts.Execute_MainScript')
data.setCell(24, 3, 24256);
data.setCell(25, 0, 25)
data.setCell(25, 1, 'ExecuteTest')
data.setCell(25, 2, 'com.testcases.driverscripts.Execute_MainScript')
data.setCell(25, 3, 23071);
data.setCell(26, 0, 26)
data.setCell(26, 1, 'ExecuteTest')
data.setCell(26, 2, 'com.testcases.driverscripts.Execute_MainScript')
data.setCell(26, 3, 21975);
data.setCell(27, 0, 27)
data.setCell(27, 1, 'ExecuteTest')
data.setCell(27, 2, 'com.testcases.driverscripts.Execute_MainScript')
data.setCell(27, 3, 16418);
data.setCell(28, 0, 28)
data.setCell(28, 1, 'ExecuteTest')
data.setCell(28, 2, 'com.testcases.driverscripts.Execute_MainScript')
data.setCell(28, 3, 15009);
data.setCell(29, 0, 29)
data.setCell(29, 1, 'ExecuteTest')
data.setCell(29, 2, 'com.testcases.driverscripts.Execute_MainScript')
data.setCell(29, 3, 8539);
data.setCell(30, 0, 30)
data.setCell(30, 1, 'ExecuteTest')
data.setCell(30, 2, 'com.testcases.driverscripts.Execute_MainScript')
data.setCell(30, 3, 18);
data.setCell(31, 0, 31)
data.setCell(31, 1, 'ExecuteTest')
data.setCell(31, 2, 'com.testcases.driverscripts.Execute_MainScript')
data.setCell(31, 3, 13);
window.suiteTableData['Suite']= { tableData: data, tableDiv: 'times-div-Suite'}
return data;
}
              </script>
              <span class="suite-total-time">Total running time: 35 minutes</span>
              <div id="times-div-Suite">
              </div> <!-- times-div-Suite -->
            </div> <!-- times-div -->
          </div> <!-- main-panel-content rounded-window-bottom -->
        </div> <!-- panel -->
        <div panel-name="reporter-Suite" class="panel">
          <div class="main-panel-header rounded-window-top">
            <span class="header-content">Reporter output for Suite</span>
          </div> <!-- main-panel-header rounded-window-top -->
          <div class="main-panel-content rounded-window-bottom">
          </div> <!-- main-panel-content rounded-window-bottom -->
        </div> <!-- panel -->
        <div panel-name="ignored-methods-Suite" class="panel">
          <div class="main-panel-header rounded-window-top">
            <span class="header-content">0 ignored methods</span>
          </div> <!-- main-panel-header rounded-window-top -->
          <div class="main-panel-content rounded-window-bottom">
          </div> <!-- main-panel-content rounded-window-bottom -->
        </div> <!-- panel -->
        <div panel-name="chronological-Suite" class="panel">
          <div class="main-panel-header rounded-window-top">
            <span class="header-content">Methods in chronological order</span>
          </div> <!-- main-panel-header rounded-window-top -->
          <div class="main-panel-content rounded-window-bottom">
            <div class="chronological-class">
              <div class="chronological-class-name">com.testcases.driverscripts.Execute_MainScript</div> <!-- chronological-class-name -->
              <div class="configuration-suite before">
                <span class="method-name">Pre_requisite</span>
                <span class="method-start">0 ms</span>
              </div> <!-- configuration-suite before -->
              <div class="configuration-test before">
                <span class="method-name">EnvSetup(IE, Desktop, iphone X, 812, 375)</span>
                <span class="method-start">143 ms</span>
              </div> <!-- configuration-test before -->
              <div class="test-method">
                <span class="method-name">ExecuteTest(ALL_PAGES, END_TO_END, TC01_Verify_HomePage, View store home, Yes, High)</span>
                <span class="method-start">6767 ms</span>
              </div> <!-- test-method -->
              <div class="configuration-method after">
                <span class="method-name">TestResults([TestResult name=ExecuteTest status=SUCCESS method=Execute_MainScript.ExecuteTest(java.lang.String, ...)</span>
                <span class="method-start">15308 ms</span>
              </div> <!-- configuration-method after -->
              <div class="test-method">
                <span class="method-name">ExecuteTest(ALL_PAGES, END_TO_END, TC03_Verify_BLP_Solutions_ContactUS, 1. Go to home page
2. Verify brands, sol...)</span>
                <span class="method-start">15314 ms</span>
              </div> <!-- test-method -->
              <div class="configuration-method after">
                <span class="method-name">TestResults([TestResult name=ExecuteTest status=SUCCESS method=Execute_MainScript.ExecuteTest(java.lang.String, ...)</span>
                <span class="method-start">67562 ms</span>
              </div> <!-- configuration-method after -->
              <div class="test-method">
                <span class="method-name">ExecuteTest(ALL_PAGES, END_TO_END, TC04_Search_product_not_in_Catalog, Search product not in Catalog , Yes, High)</span>
                <span class="method-start">67564 ms</span>
              </div> <!-- test-method -->
              <div class="test-method">
                <span class="method-name">ExecuteTest(ALL_PAGES, END_TO_END, TC05_Search_product_in_Catalog, Search product in Catalog , Yes, High)</span>
                <span class="method-start">91821 ms</span>
              </div> <!-- test-method -->
              <div class="configuration-method after">
                <span class="method-name">TestResults([TestResult name=ExecuteTest status=SUCCESS method=Execute_MainScript.ExecuteTest(java.lang.String, ...)</span>
                <span class="method-start">91821 ms</span>
              </div> <!-- configuration-method after -->
              <div class="configuration-method after">
                <span class="method-name">TestResults([TestResult name=ExecuteTest status=SUCCESS method=Execute_MainScript.ExecuteTest(java.lang.String, ...)</span>
                <span class="method-start">108240 ms</span>
              </div> <!-- configuration-method after -->
              <div class="test-method">
                <span class="method-name">ExecuteTest(ALL_PAGES, END_TO_END, TC6_SearchResults_Typeahead, 1. when user typing, type ahead should work
2. U...)</span>
                <span class="method-start">108241 ms</span>
              </div> <!-- test-method -->
              <div class="test-method">
                <span class="method-name">ExecuteTest(ALL_PAGES, END_TO_END, TC07_SearchCategory, User should be directed to category page, Yes, High)</span>
                <span class="method-start">142923 ms</span>
              </div> <!-- test-method -->
              <div class="configuration-method after">
                <span class="method-name">TestResults([TestResult name=ExecuteTest status=SUCCESS method=Execute_MainScript.ExecuteTest(java.lang.String, ...)</span>
                <span class="method-start">142923 ms</span>
              </div> <!-- configuration-method after -->
              <div class="test-method">
                <span class="method-name">ExecuteTest(ALL_PAGES, END_TO_END, TC08_VerifyProductListPLP, Should display products list, Yes, High)</span>
                <span class="method-start">179392 ms</span>
              </div> <!-- test-method -->
              <div class="configuration-method after">
                <span class="method-name">TestResults([TestResult name=ExecuteTest status=SUCCESS method=Execute_MainScript.ExecuteTest(java.lang.String, ...)</span>
                <span class="method-start">179392 ms</span>
              </div> <!-- configuration-method after -->
              <div class="test-method">
                <span class="method-name">ExecuteTest(ALL_PAGES, END_TO_END, TC09_Verify_Documented_Savings, Article should display, Yes, High)</span>
                <span class="method-start">226726 ms</span>
              </div> <!-- test-method -->
              <div class="configuration-method after">
                <span class="method-name">TestResults([TestResult name=ExecuteTest status=SUCCESS method=Execute_MainScript.ExecuteTest(java.lang.String, ...)</span>
                <span class="method-start">226726 ms</span>
              </div> <!-- configuration-method after -->
              <div class="test-method">
                <span class="method-name">ExecuteTest(ALL_PAGES, END_TO_END, TC10_Verify_Search_results, Search results must display, Yes, High)</span>
                <span class="method-start">249799 ms</span>
              </div> <!-- test-method -->
              <div class="configuration-method after">
                <span class="method-name">TestResults([TestResult name=ExecuteTest status=SUCCESS method=Execute_MainScript.ExecuteTest(java.lang.String, ...)</span>
                <span class="method-start">249799 ms</span>
              </div> <!-- configuration-method after -->
              <div class="test-method">
                <span class="method-name">ExecuteTest(ALL_PAGES, END_TO_END, TC11_Verify_PDP_From_Search_results, PDP should display, Yes, High)</span>
                <span class="method-start">283928 ms</span>
              </div> <!-- test-method -->
              <div class="configuration-method after">
                <span class="method-name">TestResults([TestResult name=ExecuteTest status=SUCCESS method=Execute_MainScript.ExecuteTest(java.lang.String, ...)</span>
                <span class="method-start">283928 ms</span>
              </div> <!-- configuration-method after -->
              <div class="test-method">
                <span class="method-name">ExecuteTest(ALL_PAGES, END_TO_END, TC12_Verify_AddToCart_from_PDP, 1. Item should be added to cart
2. Appropriat...)</span>
                <span class="method-start">311276 ms</span>
              </div> <!-- test-method -->
              <div class="configuration-method after">
                <span class="method-name">TestResults([TestResult name=ExecuteTest status=SUCCESS method=Execute_MainScript.ExecuteTest(java.lang.String, ...)</span>
                <span class="method-start">311276 ms</span>
              </div> <!-- configuration-method after -->
              <div class="configuration-method after">
                <span class="method-name">TestResults([TestResult name=ExecuteTest status=SUCCESS method=Execute_MainScript.ExecuteTest(java.lang.String, ...)</span>
                <span class="method-start">402607 ms</span>
              </div> <!-- configuration-method after -->
              <div class="test-method">
                <span class="method-name">ExecuteTest(ALL_PAGES, END_TO_END, TC26_Verify_Clear_Cart, All the items must be removed from the cart, Yes, Hig...)</span>
                <span class="method-start">402608 ms</span>
              </div> <!-- test-method -->
              <div class="test-method">
                <span class="method-name">ExecuteTest(ALL_PAGES, END_TO_END, TC13_Verify_Search_Dimensions, Search results should appear
Dimensions appear...)</span>
                <span class="method-start">562807 ms</span>
              </div> <!-- test-method -->
              <div class="configuration-method after">
                <span class="method-name">TestResults([TestResult name=ExecuteTest status=SUCCESS method=Execute_MainScript.ExecuteTest(java.lang.String, ...)</span>
                <span class="method-start">562807 ms</span>
              </div> <!-- configuration-method after -->
              <div class="configuration-method after">
                <span class="method-name">TestResults([TestResult name=ExecuteTest status=SUCCESS method=Execute_MainScript.ExecuteTest(java.lang.String, ...)</span>
                <span class="method-start">577817 ms</span>
              </div> <!-- configuration-method after -->
              <div class="test-method">
                <span class="method-name">ExecuteTest(ALL_PAGES, END_TO_END, TC14_Verify_AddToCart_from_Search, Item should be added to cart, Yes, High)</span>
                <span class="method-start">577818 ms</span>
              </div> <!-- test-method -->
              <div class="test-method">
                <span class="method-name">ExecuteTest(ALL_PAGES, END_TO_END, TC15_Verify_ViewFullCart, 1. Cart should display
2. All items in cart must ha...)</span>
                <span class="method-start">599793 ms</span>
              </div> <!-- test-method -->
              <div class="configuration-method after">
                <span class="method-name">TestResults([TestResult name=ExecuteTest status=SUCCESS method=Execute_MainScript.ExecuteTest(java.lang.String, ...)</span>
                <span class="method-start">599793 ms</span>
              </div> <!-- configuration-method after -->
              <div class="configuration-method after">
                <span class="method-name">TestResults([TestResult name=ExecuteTest status=SUCCESS method=Execute_MainScript.ExecuteTest(java.lang.String, ...)</span>
                <span class="method-start">723562 ms</span>
              </div> <!-- configuration-method after -->
              <div class="test-method">
                <span class="method-name">ExecuteTest(ALL_PAGES, END_TO_END, TC16_Update_Quantity_CartPage, Items  and price must update, Yes, High)</span>
                <span class="method-start">723563 ms</span>
              </div> <!-- test-method -->
              <div class="configuration-method after">
                <span class="method-name">TestResults([TestResult name=ExecuteTest status=SUCCESS method=Execute_MainScript.ExecuteTest(java.lang.String, ...)</span>
                <span class="method-start">843285 ms</span>
              </div> <!-- configuration-method after -->
              <div class="test-method">
                <span class="method-name">ExecuteTest(ALL_PAGES, END_TO_END, TC17_Verify_CheckoutButton, Items  and price must update, Yes, High)</span>
                <span class="method-start">843286 ms</span>
              </div> <!-- test-method -->
              <div class="test-method">
                <span class="method-name">ExecuteTest(ALL_PAGES, END_TO_END, TC18_Verify_ShippingPage, Shipping page must appear, Yes, High)</span>
                <span class="method-start">959636 ms</span>
              </div> <!-- test-method -->
              <div class="configuration-method after">
                <span class="method-name">TestResults([TestResult name=ExecuteTest status=SUCCESS method=Execute_MainScript.ExecuteTest(java.lang.String, ...)</span>
                <span class="method-start">959636 ms</span>
              </div> <!-- configuration-method after -->
              <div class="test-method">
                <span class="method-name">ExecuteTest(ALL_PAGES, END_TO_END, TC19_Verify_ShippingMethod, Shipping method page should display, Yes, High)</span>
                <span class="method-start">1108520 ms</span>
              </div> <!-- test-method -->
              <div class="configuration-method after">
                <span class="method-name">TestResults([TestResult name=ExecuteTest status=SUCCESS method=Execute_MainScript.ExecuteTest(java.lang.String, ...)</span>
                <span class="method-start">1108520 ms</span>
              </div> <!-- configuration-method after -->
              <div class="configuration-method after">
                <span class="method-name">TestResults([TestResult name=ExecuteTest status=SUCCESS method=Execute_MainScript.ExecuteTest(java.lang.String, ...)</span>
                <span class="method-start">1270625 ms</span>
              </div> <!-- configuration-method after -->
              <div class="test-method">
                <span class="method-name">ExecuteTest(ALL_PAGES, END_TO_END, TC20_21_Verify_BillingPage, 1. Billing page should appear
2. User should be a...)</span>
                <span class="method-start">1270626 ms</span>
              </div> <!-- test-method -->
              <div class="configuration-method after">
                <span class="method-name">TestResults([TestResult name=ExecuteTest status=SUCCESS method=Execute_MainScript.ExecuteTest(java.lang.String, ...)</span>
                <span class="method-start">1473767 ms</span>
              </div> <!-- configuration-method after -->
              <div class="test-method">
                <span class="method-name">ExecuteTest(ALL_PAGES, END_TO_END, TC22_Verify_PlaceOrder, Order should be placed successfully, Yes, High)</span>
                <span class="method-start">1473768 ms</span>
              </div> <!-- test-method -->
              <div class="configuration-method after">
                <span class="method-name">TestResults([TestResult name=ExecuteTest status=SUCCESS method=Execute_MainScript.ExecuteTest(java.lang.String, ...)</span>
                <span class="method-start">1734279 ms</span>
              </div> <!-- configuration-method after -->
              <div class="test-method">
                <span class="method-name">ExecuteTest(ALL_PAGES, END_TO_END, TC02_Verify_MYACC, Verify Myaccounts Section for Managed User, Yes, High)</span>
                <span class="method-start">1734280 ms</span>
              </div> <!-- test-method -->
              <div class="configuration-method after">
                <span class="method-name">TestResults([TestResult name=ExecuteTest status=SUCCESS method=Execute_MainScript.ExecuteTest(java.lang.String, ...)</span>
                <span class="method-start">1819056 ms</span>
              </div> <!-- configuration-method after -->
              <div class="test-method">
                <span class="method-name">ExecuteTest(ALL_PAGES, END_TO_END, TC02_Verify_MYACC_RegisteredUser, Verify Myaccounts Section for Registered Us...)</span>
                <span class="method-start">1819057 ms</span>
              </div> <!-- test-method -->
              <div class="configuration-method after">
                <span class="method-name">TestResults([TestResult name=ExecuteTest status=SUCCESS method=Execute_MainScript.ExecuteTest(java.lang.String, ...)</span>
                <span class="method-start">1879118 ms</span>
              </div> <!-- configuration-method after -->
              <div class="test-method">
                <img src="failed.png">
                </img>
                <span class="method-name">ExecuteTest(ALL_PAGES, END_TO_END, TC23_Verify_UserRegistration, Verify New registration, Yes, High)</span>
                <span class="method-start">1879119 ms</span>
              </div> <!-- test-method -->
              <div class="test-method">
                <img src="failed.png">
                </img>
                <span class="method-name">ExecuteTest(ALL_PAGES, END_TO_END, TC24_Verify_PlaceOrder_LoggedIn, Order should be placed successfully, Yes, Hi...)</span>
                <span class="method-start">1921262 ms</span>
              </div> <!-- test-method -->
              <div class="configuration-method after">
                <span class="method-name">TestResults([TestResult name=ExecuteTest status=FAILURE method=Execute_MainScript.ExecuteTest(java.lang.String, ...)</span>
                <span class="method-start">1921262 ms</span>
              </div> <!-- configuration-method after -->
              <div class="test-method">
                <img src="failed.png">
                </img>
                <span class="method-name">ExecuteTest(ALL_PAGES, END_TO_END, TC27_Verify_Store_room, Products must be added to store room successfully, Ye...)</span>
                <span class="method-start">1952554 ms</span>
              </div> <!-- test-method -->
              <div class="configuration-method after">
                <span class="method-name">TestResults([TestResult name=ExecuteTest status=FAILURE method=Execute_MainScript.ExecuteTest(java.lang.String, ...)</span>
                <span class="method-start">1952554 ms</span>
              </div> <!-- configuration-method after -->
              <div class="configuration-method after">
                <span class="method-name">TestResults([TestResult name=ExecuteTest status=FAILURE method=Execute_MainScript.ExecuteTest(java.lang.String, ...)</span>
                <span class="method-start">1984732 ms</span>
              </div> <!-- configuration-method after -->
              <div class="test-method">
                <span class="method-name">ExecuteTest(ALL_PAGES, END_TO_END, TC28_Verify_PunchOut_User, Verify Behaviour for PunchOut User, No, High)</span>
                <span class="method-start">1984733 ms</span>
              </div> <!-- test-method -->
              <div class="test-method">
                <span class="method-name">ExecuteTest(ALL_PAGES, END_TO_END, TC29_VerifyALL_Links_Myaccount, All the pages must be displayed, no, High)</span>
                <span class="method-start">1984753 ms</span>
              </div> <!-- test-method -->
              <div class="configuration-method after">
                <span class="method-name">TestResults([TestResult name=ExecuteTest status=SKIP method=Execute_MainScript.ExecuteTest(java.lang.String, jav...)</span>
                <span class="method-start">1984753 ms</span>
              </div> <!-- configuration-method after -->
              <div class="configuration-method after">
                <span class="method-name">TestResults([TestResult name=ExecuteTest status=SKIP method=Execute_MainScript.ExecuteTest(java.lang.String, jav...)</span>
                <span class="method-start">1984767 ms</span>
              </div> <!-- configuration-method after -->
              <div class="test-method">
                <span class="method-name">ExecuteTest(ALL_PAGES, END_TO_END, TC30_Search_Typeahead, Type ahead must be displayed, Yes, High)</span>
                <span class="method-start">1984768 ms</span>
              </div> <!-- test-method -->
              <div class="configuration-method after">
                <span class="method-name">TestResults([TestResult name=ExecuteTest status=SUCCESS method=Execute_MainScript.ExecuteTest(java.lang.String, ...)</span>
                <span class="method-start">2013838 ms</span>
              </div> <!-- configuration-method after -->
              <div class="test-method">
                <img src="failed.png">
                </img>
                <span class="method-name">ExecuteTest(ALL_PAGES, END_TO_END, TC31_Verify_login, User should be able to login successfully, Yes, High)</span>
                <span class="method-start">2013839 ms</span>
              </div> <!-- test-method -->
              <div class="configuration-method after">
                <span class="method-name">TestResults([TestResult name=ExecuteTest status=FAILURE method=Execute_MainScript.ExecuteTest(java.lang.String, ...)</span>
                <span class="method-start">2045669 ms</span>
              </div> <!-- configuration-method after -->
              <div class="test-method">
                <img src="failed.png">
                </img>
                <span class="method-name">ExecuteTest(ALL_PAGES, END_TO_END, TC32_Verify_store_location, 1. Go to site and then go to store location page
...)</span>
                <span class="method-start">2045670 ms</span>
              </div> <!-- test-method -->
              <div class="test-method">
                <img src="failed.png">
                </img>
                <span class="method-name">ExecuteTest(ALL_PAGES, END_TO_END, TC40_Adding_MultipleItems_QuickOrder, 1. more than 10 Items should be added t...)</span>
                <span class="method-start">2078032 ms</span>
              </div> <!-- test-method -->
              <div class="configuration-method after">
                <span class="method-name">TestResults([TestResult name=ExecuteTest status=FAILURE method=Execute_MainScript.ExecuteTest(java.lang.String, ...)</span>
                <span class="method-start">2078032 ms</span>
              </div> <!-- configuration-method after -->
              <div class="configuration-method after">
                <span class="method-name">TestResults([TestResult name=ExecuteTest status=FAILURE method=Execute_MainScript.ExecuteTest(java.lang.String, ...)</span>
                <span class="method-start">2119916 ms</span>
              </div> <!-- configuration-method after -->
              <div class="configuration-suite after">
                <span class="method-name">close</span>
                <span class="method-start">2119952 ms</span>
              </div> <!-- configuration-suite after -->
              <div class="configuration-suite after">
                <span class="method-name">closebrowser(IE)</span>
                <span class="method-start">2120427 ms</span>
              </div> <!-- configuration-suite after -->
          </div> <!-- main-panel-content rounded-window-bottom -->
        </div> <!-- panel -->
      </div> <!-- main-panel-root -->
    </div> <!-- wrapper -->
  </body>
</html>
